G:\PROJECT\XEFFECTTEST\IRRLICHT-1.8\SOURCE\IRRLICHT\OBJ\STATIC LIB - DEBUG\CIRRMESHFILELOADER.OBJ
G:\PROJECT\XEFFECTTEST\IRRLICHT-1.8\SOURCE\IRRLICHT\OBJ\STATIC LIB - DEBUG\CDMFLOADER.OBJ
G:\PROJECT\XEFFECTTEST\IRRLICHT-1.8\SOURCE\IRRLICHT\OBJ\STATIC LIB - DEBUG\CCSMLOADER.OBJ
G:\PROJECT\XEFFECTTEST\IRRLICHT-1.8\SOURCE\IRRLICHT\OBJ\STATIC LIB - DEBUG\CCOLLADAFILELOADER.OBJ
G:\PROJECT\XEFFECTTEST\IRRLICHT-1.8\SOURCE\IRRLICHT\OBJ\STATIC LIB - DEBUG\CBSPMESHFILELOADER.OBJ
G:\PROJECT\XEFFECTTEST\IRRLICHT-1.8\SOURCE\IRRLICHT\OBJ\STATIC LIB - DEBUG\CB3DMESHFILELOADER.OBJ
G:\PROJECT\XEFFECTTEST\IRRLICHT-1.8\SOURCE\IRRLICHT\OBJ\STATIC LIB - DEBUG\CANIMATEDMESHMD3.OBJ
G:\PROJECT\XEFFECTTEST\IRRLICHT-1.8\SOURCE\IRRLICHT\OBJ\STATIC LIB - DEBUG\CANIMATEDMESHMD2.OBJ
G:\PROJECT\XEFFECTTEST\IRRLICHT-1.8\SOURCE\IRRLICHT\OBJ\STATIC LIB - DEBUG\CANIMATEDMESHHALFLIFE.OBJ
G:\PROJECT\XEFFECTTEST\IRRLICHT-1.8\SOURCE\IRRLICHT\OBJ\STATIC LIB - DEBUG\CSMFMESHFILELOADER.OBJ
G:\PROJECT\XEFFECTTEST\IRRLICHT-1.8\SOURCE\IRRLICHT\OBJ\STATIC LIB - DEBUG\C3DSMESHFILELOADER.OBJ
G:\PROJECT\XEFFECTTEST\IRRLICHT-1.8\SOURCE\IRRLICHT\OBJ\STATIC LIB - DEBUG\CSCENEMANAGER.OBJ
G:\PROJECT\XEFFECTTEST\IRRLICHT-1.8\SOURCE\IRRLICHT\OBJ\STATIC LIB - DEBUG\COPENGLCGMATERIALRENDERER.OBJ
G:\PROJECT\XEFFECTTEST\IRRLICHT-1.8\SOURCE\IRRLICHT\OBJ\STATIC LIB - DEBUG\CMESHMANIPULATOR.OBJ
G:\PROJECT\XEFFECTTEST\IRRLICHT-1.8\SOURCE\IRRLICHT\OBJ\STATIC LIB - DEBUG\CMESHCACHE.OBJ
G:\PROJECT\XEFFECTTEST\IRRLICHT-1.8\SOURCE\IRRLICHT\OBJ\STATIC LIB - DEBUG\CGEOMETRYCREATOR.OBJ
G:\PROJECT\XEFFECTTEST\IRRLICHT-1.8\SOURCE\IRRLICHT\OBJ\STATIC LIB - DEBUG\CDEFAULTSCENENODEFACTORY.OBJ
G:\PROJECT\XEFFECTTEST\IRRLICHT-1.8\SOURCE\IRRLICHT\OBJ\STATIC LIB - DEBUG\CDEFAULTSCENENODEANIMATORFACTORY.OBJ
G:\PROJECT\XEFFECTTEST\IRRLICHT-1.8\SOURCE\IRRLICHT\OBJ\STATIC LIB - DEBUG\CD3D9CGMATERIALRENDERER.OBJ
G:\PROJECT\XEFFECTTEST\IRRLICHT-1.8\SOURCE\IRRLICHT\OBJ\STATIC LIB - DEBUG\CCGMATERIALRENDERER.OBJ
G:\PROJECT\XEFFECTTEST\IRRLICHT-1.8\SOURCE\IRRLICHT\OBJ\STATIC LIB - DEBUG\CDUMMYTRANSFORMATIONSCENENODE.OBJ
G:\PROJECT\XEFFECTTEST\IRRLICHT-1.8\SOURCE\IRRLICHT\OBJ\STATIC LIB - DEBUG\CCUBESCENENODE.OBJ
G:\PROJECT\XEFFECTTEST\IRRLICHT-1.8\SOURCE\IRRLICHT\OBJ\STATIC LIB - DEBUG\CCAMERASCENENODE.OBJ
G:\PROJECT\XEFFECTTEST\IRRLICHT-1.8\SOURCE\IRRLICHT\OBJ\STATIC LIB - DEBUG\CBONESCENENODE.OBJ
G:\PROJECT\XEFFECTTEST\IRRLICHT-1.8\SOURCE\IRRLICHT\OBJ\STATIC LIB - DEBUG\CBILLBOARDSCENENODE.OBJ
G:\PROJECT\XEFFECTTEST\IRRLICHT-1.8\SOURCE\IRRLICHT\OBJ\STATIC LIB - DEBUG\CANIMATEDMESHSCENENODE.OBJ
G:\PROJECT\XEFFECTTEST\IRRLICHT-1.8\SOURCE\IRRLICHT\OBJ\STATIC LIB - DEBUG\CXMESHFILELOADER.OBJ
G:\PROJECT\XEFFECTTEST\IRRLICHT-1.8\SOURCE\IRRLICHT\OBJ\STATIC LIB - DEBUG\CSTLMESHFILELOADER.OBJ
G:\PROJECT\XEFFECTTEST\IRRLICHT-1.8\SOURCE\IRRLICHT\OBJ\STATIC LIB - DEBUG\CSKINNEDMESH.OBJ
G:\PROJECT\XEFFECTTEST\IRRLICHT-1.8\SOURCE\IRRLICHT\OBJ\STATIC LIB - DEBUG\CQ3LEVELMESH.OBJ
G:\PROJECT\XEFFECTTEST\IRRLICHT-1.8\SOURCE\IRRLICHT\OBJ\STATIC LIB - DEBUG\CPLYMESHFILELOADER.OBJ
G:\PROJECT\XEFFECTTEST\IRRLICHT-1.8\SOURCE\IRRLICHT\OBJ\STATIC LIB - DEBUG\COGREMESHFILELOADER.OBJ
G:\PROJECT\XEFFECTTEST\IRRLICHT-1.8\SOURCE\IRRLICHT\OBJ\STATIC LIB - DEBUG\COCTLOADER.OBJ
G:\PROJECT\XEFFECTTEST\IRRLICHT-1.8\SOURCE\IRRLICHT\OBJ\STATIC LIB - DEBUG\COBJMESHFILELOADER.OBJ
G:\PROJECT\XEFFECTTEST\IRRLICHT-1.8\SOURCE\IRRLICHT\OBJ\STATIC LIB - DEBUG\CMY3DMESHFILELOADER.OBJ
G:\PROJECT\XEFFECTTEST\IRRLICHT-1.8\SOURCE\IRRLICHT\OBJ\STATIC LIB - DEBUG\CMS3DMESHFILELOADER.OBJ
G:\PROJECT\XEFFECTTEST\IRRLICHT-1.8\SOURCE\IRRLICHT\OBJ\STATIC LIB - DEBUG\CMD3MESHFILELOADER.OBJ
G:\PROJECT\XEFFECTTEST\IRRLICHT-1.8\SOURCE\IRRLICHT\OBJ\STATIC LIB - DEBUG\CMD2MESHFILELOADER.OBJ
G:\PROJECT\XEFFECTTEST\IRRLICHT-1.8\SOURCE\IRRLICHT\OBJ\STATIC LIB - DEBUG\CLWOMESHFILELOADER.OBJ
G:\PROJECT\XEFFECTTEST\IRRLICHT-1.8\SOURCE\IRRLICHT\OBJ\STATIC LIB - DEBUG\CLMTSMESHFILELOADER.OBJ
G:\PROJECT\XEFFECTTEST\IRRLICHT-1.8\SOURCE\IRRLICHT\OBJ\STATIC LIB - DEBUG\CPARTICLEMESHEMITTER.OBJ
G:\PROJECT\XEFFECTTEST\IRRLICHT-1.8\SOURCE\IRRLICHT\OBJ\STATIC LIB - DEBUG\CPARTICLEGRAVITYAFFECTOR.OBJ
G:\PROJECT\XEFFECTTEST\IRRLICHT-1.8\SOURCE\IRRLICHT\OBJ\STATIC LIB - DEBUG\CPARTICLEFADEOUTAFFECTOR.OBJ
G:\PROJECT\XEFFECTTEST\IRRLICHT-1.8\SOURCE\IRRLICHT\OBJ\STATIC LIB - DEBUG\CPARTICLECYLINDEREMITTER.OBJ
G:\PROJECT\XEFFECTTEST\IRRLICHT-1.8\SOURCE\IRRLICHT\OBJ\STATIC LIB - DEBUG\CPARTICLEBOXEMITTER.OBJ
G:\PROJECT\XEFFECTTEST\IRRLICHT-1.8\SOURCE\IRRLICHT\OBJ\STATIC LIB - DEBUG\CPARTICLEATTRACTIONAFFECTOR.OBJ
G:\PROJECT\XEFFECTTEST\IRRLICHT-1.8\SOURCE\IRRLICHT\OBJ\STATIC LIB - DEBUG\CPARTICLEANIMATEDMESHSCENENODEEMITTER.OBJ
G:\PROJECT\XEFFECTTEST\IRRLICHT-1.8\SOURCE\IRRLICHT\OBJ\STATIC LIB - DEBUG\CWATERSURFACESCENENODE.OBJ
G:\PROJECT\XEFFECTTEST\IRRLICHT-1.8\SOURCE\IRRLICHT\OBJ\STATIC LIB - DEBUG\CVOLUMELIGHTSCENENODE.OBJ
G:\PROJECT\XEFFECTTEST\IRRLICHT-1.8\SOURCE\IRRLICHT\OBJ\STATIC LIB - DEBUG\CTEXTSCENENODE.OBJ
G:\PROJECT\XEFFECTTEST\IRRLICHT-1.8\SOURCE\IRRLICHT\OBJ\STATIC LIB - DEBUG\CTERRAINSCENENODE.OBJ
G:\PROJECT\XEFFECTTEST\IRRLICHT-1.8\SOURCE\IRRLICHT\OBJ\STATIC LIB - DEBUG\CSPHERESCENENODE.OBJ
G:\PROJECT\XEFFECTTEST\IRRLICHT-1.8\SOURCE\IRRLICHT\OBJ\STATIC LIB - DEBUG\CSKYDOMESCENENODE.OBJ
G:\PROJECT\XEFFECTTEST\IRRLICHT-1.8\SOURCE\IRRLICHT\OBJ\STATIC LIB - DEBUG\CSKYBOXSCENENODE.OBJ
G:\PROJECT\XEFFECTTEST\IRRLICHT-1.8\SOURCE\IRRLICHT\OBJ\STATIC LIB - DEBUG\CSHADOWVOLUMESCENENODE.OBJ
G:\PROJECT\XEFFECTTEST\IRRLICHT-1.8\SOURCE\IRRLICHT\OBJ\STATIC LIB - DEBUG\CQUAKE3SHADERSCENENODE.OBJ
G:\PROJECT\XEFFECTTEST\IRRLICHT-1.8\SOURCE\IRRLICHT\OBJ\STATIC LIB - DEBUG\COCTREESCENENODE.OBJ
G:\PROJECT\XEFFECTTEST\IRRLICHT-1.8\SOURCE\IRRLICHT\OBJ\STATIC LIB - DEBUG\CMESHSCENENODE.OBJ
G:\PROJECT\XEFFECTTEST\IRRLICHT-1.8\SOURCE\IRRLICHT\OBJ\STATIC LIB - DEBUG\CLIGHTSCENENODE.OBJ
G:\PROJECT\XEFFECTTEST\IRRLICHT-1.8\SOURCE\IRRLICHT\OBJ\STATIC LIB - DEBUG\CEMPTYSCENENODE.OBJ
G:\PROJECT\XEFFECTTEST\IRRLICHT-1.8\SOURCE\IRRLICHT\OBJ\STATIC LIB - DEBUG\CSCENENODEANIMATORFOLLOWSPLINE.OBJ
G:\PROJECT\XEFFECTTEST\IRRLICHT-1.8\SOURCE\IRRLICHT\OBJ\STATIC LIB - DEBUG\CSCENENODEANIMATORFLYSTRAIGHT.OBJ
G:\PROJECT\XEFFECTTEST\IRRLICHT-1.8\SOURCE\IRRLICHT\OBJ\STATIC LIB - DEBUG\CSCENENODEANIMATORFLYCIRCLE.OBJ
G:\PROJECT\XEFFECTTEST\IRRLICHT-1.8\SOURCE\IRRLICHT\OBJ\STATIC LIB - DEBUG\CSCENENODEANIMATORDELETE.OBJ
G:\PROJECT\XEFFECTTEST\IRRLICHT-1.8\SOURCE\IRRLICHT\OBJ\STATIC LIB - DEBUG\CSCENENODEANIMATORCOLLISIONRESPONSE.OBJ
G:\PROJECT\XEFFECTTEST\IRRLICHT-1.8\SOURCE\IRRLICHT\OBJ\STATIC LIB - DEBUG\CSCENENODEANIMATORCAMERAMAYA.OBJ
G:\PROJECT\XEFFECTTEST\IRRLICHT-1.8\SOURCE\IRRLICHT\OBJ\STATIC LIB - DEBUG\CSCENENODEANIMATORCAMERAFPS.OBJ
G:\PROJECT\XEFFECTTEST\IRRLICHT-1.8\SOURCE\IRRLICHT\OBJ\STATIC LIB - DEBUG\CSCENELOADERIRR.OBJ
G:\PROJECT\XEFFECTTEST\IRRLICHT-1.8\SOURCE\IRRLICHT\OBJ\STATIC LIB - DEBUG\CTRIANGLESELECTOR.OBJ
G:\PROJECT\XEFFECTTEST\IRRLICHT-1.8\SOURCE\IRRLICHT\OBJ\STATIC LIB - DEBUG\CTRIANGLEBBSELECTOR.OBJ
G:\PROJECT\XEFFECTTEST\IRRLICHT-1.8\SOURCE\IRRLICHT\OBJ\STATIC LIB - DEBUG\CTERRAINTRIANGLESELECTOR.OBJ
G:\PROJECT\XEFFECTTEST\IRRLICHT-1.8\SOURCE\IRRLICHT\OBJ\STATIC LIB - DEBUG\CSCENECOLLISIONMANAGER.OBJ
G:\PROJECT\XEFFECTTEST\IRRLICHT-1.8\SOURCE\IRRLICHT\OBJ\STATIC LIB - DEBUG\COCTREETRIANGLESELECTOR.OBJ
G:\PROJECT\XEFFECTTEST\IRRLICHT-1.8\SOURCE\IRRLICHT\OBJ\STATIC LIB - DEBUG\CMETATRIANGLESELECTOR.OBJ
G:\PROJECT\XEFFECTTEST\IRRLICHT-1.8\SOURCE\IRRLICHT\OBJ\STATIC LIB - DEBUG\CPARTICLESYSTEMSCENENODE.OBJ
G:\PROJECT\XEFFECTTEST\IRRLICHT-1.8\SOURCE\IRRLICHT\OBJ\STATIC LIB - DEBUG\CPARTICLESPHEREEMITTER.OBJ
G:\PROJECT\XEFFECTTEST\IRRLICHT-1.8\SOURCE\IRRLICHT\OBJ\STATIC LIB - DEBUG\CPARTICLESCALEAFFECTOR.OBJ
G:\PROJECT\XEFFECTTEST\IRRLICHT-1.8\SOURCE\IRRLICHT\OBJ\STATIC LIB - DEBUG\CPARTICLEROTATIONAFFECTOR.OBJ
G:\PROJECT\XEFFECTTEST\IRRLICHT-1.8\SOURCE\IRRLICHT\OBJ\STATIC LIB - DEBUG\CPARTICLERINGEMITTER.OBJ
G:\PROJECT\XEFFECTTEST\IRRLICHT-1.8\SOURCE\IRRLICHT\OBJ\STATIC LIB - DEBUG\CPARTICLEPOINTEMITTER.OBJ
G:\PROJECT\XEFFECTTEST\IRRLICHT-1.8\SOURCE\IRRLICHT\OBJ\STATIC LIB - DEBUG\CTRTEXTUREGOURAUDWIRE.OBJ
G:\PROJECT\XEFFECTTEST\IRRLICHT-1.8\SOURCE\IRRLICHT\OBJ\STATIC LIB - DEBUG\CTRTEXTUREGOURAUDNOZ.OBJ
G:\PROJECT\XEFFECTTEST\IRRLICHT-1.8\SOURCE\IRRLICHT\OBJ\STATIC LIB - DEBUG\CTRTEXTUREGOURAUDADD.OBJ
G:\PROJECT\XEFFECTTEST\IRRLICHT-1.8\SOURCE\IRRLICHT\OBJ\STATIC LIB - DEBUG\CTRTEXTUREGOURAUD.OBJ
G:\PROJECT\XEFFECTTEST\IRRLICHT-1.8\SOURCE\IRRLICHT\OBJ\STATIC LIB - DEBUG\CTRTEXTUREFLATWIRE.OBJ
G:\PROJECT\XEFFECTTEST\IRRLICHT-1.8\SOURCE\IRRLICHT\OBJ\STATIC LIB - DEBUG\CTRTEXTUREFLAT.OBJ
G:\PROJECT\XEFFECTTEST\IRRLICHT-1.8\SOURCE\IRRLICHT\OBJ\STATIC LIB - DEBUG\CTRGOURAUDWIRE.OBJ
G:\PROJECT\XEFFECTTEST\IRRLICHT-1.8\SOURCE\IRRLICHT\OBJ\STATIC LIB - DEBUG\CTRGOURAUD.OBJ
G:\PROJECT\XEFFECTTEST\IRRLICHT-1.8\SOURCE\IRRLICHT\OBJ\STATIC LIB - DEBUG\CTRFLATWIRE.OBJ
G:\PROJECT\XEFFECTTEST\IRRLICHT-1.8\SOURCE\IRRLICHT\OBJ\STATIC LIB - DEBUG\CTRFLAT.OBJ
G:\PROJECT\XEFFECTTEST\IRRLICHT-1.8\SOURCE\IRRLICHT\OBJ\STATIC LIB - DEBUG\CSOFTWARETEXTURE.OBJ
G:\PROJECT\XEFFECTTEST\IRRLICHT-1.8\SOURCE\IRRLICHT\OBJ\STATIC LIB - DEBUG\CSOFTWAREDRIVER.OBJ
G:\PROJECT\XEFFECTTEST\IRRLICHT-1.8\SOURCE\IRRLICHT\OBJ\STATIC LIB - DEBUG\CVIDEOMODELIST.OBJ
G:\PROJECT\XEFFECTTEST\IRRLICHT-1.8\SOURCE\IRRLICHT\OBJ\STATIC LIB - DEBUG\CSTLMESHWRITER.OBJ
G:\PROJECT\XEFFECTTEST\IRRLICHT-1.8\SOURCE\IRRLICHT\OBJ\STATIC LIB - DEBUG\CPLYMESHWRITER.OBJ
G:\PROJECT\XEFFECTTEST\IRRLICHT-1.8\SOURCE\IRRLICHT\OBJ\STATIC LIB - DEBUG\COBJMESHWRITER.OBJ
G:\PROJECT\XEFFECTTEST\IRRLICHT-1.8\SOURCE\IRRLICHT\OBJ\STATIC LIB - DEBUG\CIRRMESHWRITER.OBJ
G:\PROJECT\XEFFECTTEST\IRRLICHT-1.8\SOURCE\IRRLICHT\OBJ\STATIC LIB - DEBUG\CCOLLADAMESHWRITER.OBJ
G:\PROJECT\XEFFECTTEST\IRRLICHT-1.8\SOURCE\IRRLICHT\OBJ\STATIC LIB - DEBUG\CSCENENODEANIMATORTEXTURE.OBJ
G:\PROJECT\XEFFECTTEST\IRRLICHT-1.8\SOURCE\IRRLICHT\OBJ\STATIC LIB - DEBUG\CSCENENODEANIMATORROTATION.OBJ
G:\PROJECT\XEFFECTTEST\IRRLICHT-1.8\SOURCE\IRRLICHT\OBJ\STATIC LIB - DEBUG\CIMAGEWRITERPCX.OBJ
G:\PROJECT\XEFFECTTEST\IRRLICHT-1.8\SOURCE\IRRLICHT\OBJ\STATIC LIB - DEBUG\CIMAGEWRITERJPG.OBJ
G:\PROJECT\XEFFECTTEST\IRRLICHT-1.8\SOURCE\IRRLICHT\OBJ\STATIC LIB - DEBUG\CIMAGEWRITERBMP.OBJ
G:\PROJECT\XEFFECTTEST\IRRLICHT-1.8\SOURCE\IRRLICHT\OBJ\STATIC LIB - DEBUG\CNULLDRIVER.OBJ
G:\PROJECT\XEFFECTTEST\IRRLICHT-1.8\SOURCE\IRRLICHT\OBJ\STATIC LIB - DEBUG\CIMAGE.OBJ
G:\PROJECT\XEFFECTTEST\IRRLICHT-1.8\SOURCE\IRRLICHT\OBJ\STATIC LIB - DEBUG\CFPSCOUNTER.OBJ
G:\PROJECT\XEFFECTTEST\IRRLICHT-1.8\SOURCE\IRRLICHT\OBJ\STATIC LIB - DEBUG\CCOLORCONVERTER.OBJ
G:\PROJECT\XEFFECTTEST\IRRLICHT-1.8\SOURCE\IRRLICHT\OBJ\STATIC LIB - DEBUG\CD3D8TEXTURE.OBJ
G:\PROJECT\XEFFECTTEST\IRRLICHT-1.8\SOURCE\IRRLICHT\OBJ\STATIC LIB - DEBUG\CD3D8SHADERMATERIALRENDERER.OBJ
G:\PROJECT\XEFFECTTEST\IRRLICHT-1.8\SOURCE\IRRLICHT\OBJ\STATIC LIB - DEBUG\CD3D8PARALLAXMAPRENDERER.OBJ
G:\PROJECT\XEFFECTTEST\IRRLICHT-1.8\SOURCE\IRRLICHT\OBJ\STATIC LIB - DEBUG\CD3D8NORMALMAPRENDERER.OBJ
G:\PROJECT\XEFFECTTEST\IRRLICHT-1.8\SOURCE\IRRLICHT\OBJ\STATIC LIB - DEBUG\CD3D8DRIVER.OBJ
G:\PROJECT\XEFFECTTEST\IRRLICHT-1.8\SOURCE\IRRLICHT\OBJ\STATIC LIB - DEBUG\COPENGLTEXTURE.OBJ
G:\PROJECT\XEFFECTTEST\IRRLICHT-1.8\SOURCE\IRRLICHT\OBJ\STATIC LIB - DEBUG\COPENGLSLMATERIALRENDERER.OBJ
G:\PROJECT\XEFFECTTEST\IRRLICHT-1.8\SOURCE\IRRLICHT\OBJ\STATIC LIB - DEBUG\COPENGLSHADERMATERIALRENDERER.OBJ
G:\PROJECT\XEFFECTTEST\IRRLICHT-1.8\SOURCE\IRRLICHT\OBJ\STATIC LIB - DEBUG\COPENGLPARALLAXMAPRENDERER.OBJ
G:\PROJECT\XEFFECTTEST\IRRLICHT-1.8\SOURCE\IRRLICHT\OBJ\STATIC LIB - DEBUG\COPENGLNORMALMAPRENDERER.OBJ
G:\PROJECT\XEFFECTTEST\IRRLICHT-1.8\SOURCE\IRRLICHT\OBJ\STATIC LIB - DEBUG\COPENGLEXTENSIONHANDLER.OBJ
G:\PROJECT\XEFFECTTEST\IRRLICHT-1.8\SOURCE\IRRLICHT\OBJ\STATIC LIB - DEBUG\COPENGLDRIVER.OBJ
G:\PROJECT\XEFFECTTEST\IRRLICHT-1.8\SOURCE\IRRLICHT\OBJ\STATIC LIB - DEBUG\CZBUFFER.OBJ
G:\PROJECT\XEFFECTTEST\IRRLICHT-1.8\SOURCE\IRRLICHT\OBJ\STATIC LIB - DEBUG\CD3D9TEXTURE.OBJ
G:\PROJECT\XEFFECTTEST\IRRLICHT-1.8\SOURCE\IRRLICHT\OBJ\STATIC LIB - DEBUG\CD3D9SHADERMATERIALRENDERER.OBJ
G:\PROJECT\XEFFECTTEST\IRRLICHT-1.8\SOURCE\IRRLICHT\OBJ\STATIC LIB - DEBUG\CD3D9PARALLAXMAPRENDERER.OBJ
G:\PROJECT\XEFFECTTEST\IRRLICHT-1.8\SOURCE\IRRLICHT\OBJ\STATIC LIB - DEBUG\CD3D9NORMALMAPRENDERER.OBJ
G:\PROJECT\XEFFECTTEST\IRRLICHT-1.8\SOURCE\IRRLICHT\OBJ\STATIC LIB - DEBUG\CD3D9HLSLMATERIALRENDERER.OBJ
G:\PROJECT\XEFFECTTEST\IRRLICHT-1.8\SOURCE\IRRLICHT\OBJ\STATIC LIB - DEBUG\CD3D9DRIVER.OBJ
G:\PROJECT\XEFFECTTEST\IRRLICHT-1.8\SOURCE\IRRLICHT\OBJ\STATIC LIB - DEBUG\CIMAGELOADERWAL.OBJ
G:\PROJECT\XEFFECTTEST\IRRLICHT-1.8\SOURCE\IRRLICHT\OBJ\STATIC LIB - DEBUG\CIMAGELOADERTGA.OBJ
G:\PROJECT\XEFFECTTEST\IRRLICHT-1.8\SOURCE\IRRLICHT\OBJ\STATIC LIB - DEBUG\CIMAGELOADERRGB.OBJ
G:\PROJECT\XEFFECTTEST\IRRLICHT-1.8\SOURCE\IRRLICHT\OBJ\STATIC LIB - DEBUG\CIMAGELOADERPSD.OBJ
G:\PROJECT\XEFFECTTEST\IRRLICHT-1.8\SOURCE\IRRLICHT\OBJ\STATIC LIB - DEBUG\CIMAGELOADERPPM.OBJ
G:\PROJECT\XEFFECTTEST\IRRLICHT-1.8\SOURCE\IRRLICHT\OBJ\STATIC LIB - DEBUG\CIMAGELOADERPNG.OBJ
G:\PROJECT\XEFFECTTEST\IRRLICHT-1.8\SOURCE\IRRLICHT\OBJ\STATIC LIB - DEBUG\CIMAGELOADERPCX.OBJ
G:\PROJECT\XEFFECTTEST\IRRLICHT-1.8\SOURCE\IRRLICHT\OBJ\STATIC LIB - DEBUG\CIMAGELOADERJPG.OBJ
G:\PROJECT\XEFFECTTEST\IRRLICHT-1.8\SOURCE\IRRLICHT\OBJ\STATIC LIB - DEBUG\CIMAGELOADERDDS.OBJ
G:\PROJECT\XEFFECTTEST\IRRLICHT-1.8\SOURCE\IRRLICHT\OBJ\STATIC LIB - DEBUG\CIMAGELOADERBMP.OBJ
G:\PROJECT\XEFFECTTEST\IRRLICHT-1.8\SOURCE\IRRLICHT\OBJ\STATIC LIB - DEBUG\CIMAGEWRITERTGA.OBJ
G:\PROJECT\XEFFECTTEST\IRRLICHT-1.8\SOURCE\IRRLICHT\OBJ\STATIC LIB - DEBUG\CIMAGEWRITERPSD.OBJ
G:\PROJECT\XEFFECTTEST\IRRLICHT-1.8\SOURCE\IRRLICHT\OBJ\STATIC LIB - DEBUG\CIMAGEWRITERPPM.OBJ
G:\PROJECT\XEFFECTTEST\IRRLICHT-1.8\SOURCE\IRRLICHT\OBJ\STATIC LIB - DEBUG\CIMAGEWRITERPNG.OBJ
G:\PROJECT\XEFFECTTEST\IRRLICHT-1.8\SOURCE\IRRLICHT\OBJ\STATIC LIB - DEBUG\CTRTEXTURELIGHTMAP2_M1.OBJ
G:\PROJECT\XEFFECTTEST\IRRLICHT-1.8\SOURCE\IRRLICHT\OBJ\STATIC LIB - DEBUG\CTRTEXTURELIGHTMAP2_ADD.OBJ
G:\PROJECT\XEFFECTTEST\IRRLICHT-1.8\SOURCE\IRRLICHT\OBJ\STATIC LIB - DEBUG\CTRTEXTUREGOURAUDVERTEXALPHA2.OBJ
G:\PROJECT\XEFFECTTEST\IRRLICHT-1.8\SOURCE\IRRLICHT\OBJ\STATIC LIB - DEBUG\CTRTEXTUREGOURAUDNOZ2.OBJ
G:\PROJECT\XEFFECTTEST\IRRLICHT-1.8\SOURCE\IRRLICHT\OBJ\STATIC LIB - DEBUG\CTRTEXTUREGOURAUDALPHANOZ.OBJ
G:\PROJECT\XEFFECTTEST\IRRLICHT-1.8\SOURCE\IRRLICHT\OBJ\STATIC LIB - DEBUG\CTRTEXTUREGOURAUDALPHA.OBJ
G:\PROJECT\XEFFECTTEST\IRRLICHT-1.8\SOURCE\IRRLICHT\OBJ\STATIC LIB - DEBUG\CTRTEXTUREGOURAUDADDNOZ2.OBJ
G:\PROJECT\XEFFECTTEST\IRRLICHT-1.8\SOURCE\IRRLICHT\OBJ\STATIC LIB - DEBUG\CTRTEXTUREGOURAUDADD2.OBJ
G:\PROJECT\XEFFECTTEST\IRRLICHT-1.8\SOURCE\IRRLICHT\OBJ\STATIC LIB - DEBUG\CTRTEXTUREGOURAUD2.OBJ
G:\PROJECT\XEFFECTTEST\IRRLICHT-1.8\SOURCE\IRRLICHT\OBJ\STATIC LIB - DEBUG\CTRTEXTUREDETAILMAP2.OBJ
G:\PROJECT\XEFFECTTEST\IRRLICHT-1.8\SOURCE\IRRLICHT\OBJ\STATIC LIB - DEBUG\CTRTEXTUREBLEND.OBJ
G:\PROJECT\XEFFECTTEST\IRRLICHT-1.8\SOURCE\IRRLICHT\OBJ\STATIC LIB - DEBUG\CTRSTENCILSHADOW.OBJ
G:\PROJECT\XEFFECTTEST\IRRLICHT-1.8\SOURCE\IRRLICHT\OBJ\STATIC LIB - DEBUG\CTRNORMALMAP.OBJ
G:\PROJECT\XEFFECTTEST\IRRLICHT-1.8\SOURCE\IRRLICHT\OBJ\STATIC LIB - DEBUG\CTRGOURAUDALPHANOZ2.OBJ
G:\PROJECT\XEFFECTTEST\IRRLICHT-1.8\SOURCE\IRRLICHT\OBJ\STATIC LIB - DEBUG\CTRGOURAUDALPHA2.OBJ
G:\PROJECT\XEFFECTTEST\IRRLICHT-1.8\SOURCE\IRRLICHT\OBJ\STATIC LIB - DEBUG\CTRGOURAUD2.OBJ
G:\PROJECT\XEFFECTTEST\IRRLICHT-1.8\SOURCE\IRRLICHT\OBJ\STATIC LIB - DEBUG\CSOFTWARETEXTURE2.OBJ
G:\PROJECT\XEFFECTTEST\IRRLICHT-1.8\SOURCE\IRRLICHT\OBJ\STATIC LIB - DEBUG\CSOFTWAREDRIVER2.OBJ
G:\PROJECT\XEFFECTTEST\IRRLICHT-1.8\SOURCE\IRRLICHT\OBJ\STATIC LIB - DEBUG\CDEPTHBUFFER.OBJ
G:\PROJECT\XEFFECTTEST\IRRLICHT-1.8\SOURCE\IRRLICHT\OBJ\STATIC LIB - DEBUG\CBURNINGSHADER_RASTER_REFERENCE.OBJ
G:\PROJECT\XEFFECTTEST\IRRLICHT-1.8\SOURCE\IRRLICHT\OBJ\STATIC LIB - DEBUG\CIRRDEVICEFB.OBJ
G:\PROJECT\XEFFECTTEST\IRRLICHT-1.8\SOURCE\IRRLICHT\OBJ\STATIC LIB - DEBUG\CIRRDEVICECONSOLE.OBJ
G:\PROJECT\XEFFECTTEST\IRRLICHT-1.8\SOURCE\IRRLICHT\OBJ\STATIC LIB - DEBUG\SHA2.OBJ
G:\PROJECT\XEFFECTTEST\IRRLICHT-1.8\SOURCE\IRRLICHT\OBJ\STATIC LIB - DEBUG\SHA1.OBJ
G:\PROJECT\XEFFECTTEST\IRRLICHT-1.8\SOURCE\IRRLICHT\OBJ\STATIC LIB - DEBUG\PWD2KEY.OBJ
G:\PROJECT\XEFFECTTEST\IRRLICHT-1.8\SOURCE\IRRLICHT\OBJ\STATIC LIB - DEBUG\PRNG.OBJ
G:\PROJECT\XEFFECTTEST\IRRLICHT-1.8\SOURCE\IRRLICHT\OBJ\STATIC LIB - DEBUG\HMAC.OBJ
G:\PROJECT\XEFFECTTEST\IRRLICHT-1.8\SOURCE\IRRLICHT\OBJ\STATIC LIB - DEBUG\FILEENC.OBJ
G:\PROJECT\XEFFECTTEST\IRRLICHT-1.8\SOURCE\IRRLICHT\OBJ\STATIC LIB - DEBUG\AESTAB.OBJ
G:\PROJECT\XEFFECTTEST\IRRLICHT-1.8\SOURCE\IRRLICHT\OBJ\STATIC LIB - DEBUG\AESKEY.OBJ
G:\PROJECT\XEFFECTTEST\IRRLICHT-1.8\SOURCE\IRRLICHT\OBJ\STATIC LIB - DEBUG\AESCRYPT.OBJ
G:\PROJECT\XEFFECTTEST\IRRLICHT-1.8\SOURCE\IRRLICHT\OBJ\STATIC LIB - DEBUG\OS.OBJ
G:\PROJECT\XEFFECTTEST\IRRLICHT-1.8\SOURCE\IRRLICHT\OBJ\STATIC LIB - DEBUG\IRRLICHT.OBJ
G:\PROJECT\XEFFECTTEST\IRRLICHT-1.8\SOURCE\IRRLICHT\OBJ\STATIC LIB - DEBUG\COSOPERATOR.OBJ
G:\PROJECT\XEFFECTTEST\IRRLICHT-1.8\SOURCE\IRRLICHT\OBJ\STATIC LIB - DEBUG\CLOGGER.OBJ
G:\PROJECT\XEFFECTTEST\IRRLICHT-1.8\SOURCE\IRRLICHT\OBJ\STATIC LIB - DEBUG\IBURNINGSHADER.OBJ
G:\PROJECT\XEFFECTTEST\IRRLICHT-1.8\SOURCE\IRRLICHT\OBJ\STATIC LIB - DEBUG\CTRTEXTUREWIRE2.OBJ
G:\PROJECT\XEFFECTTEST\IRRLICHT-1.8\SOURCE\IRRLICHT\OBJ\STATIC LIB - DEBUG\CTRTEXTURELIGHTMAPGOURAUD2_M4.OBJ
G:\PROJECT\XEFFECTTEST\IRRLICHT-1.8\SOURCE\IRRLICHT\OBJ\STATIC LIB - DEBUG\CTRTEXTURELIGHTMAP2_M4.OBJ
G:\PROJECT\XEFFECTTEST\IRRLICHT-1.8\SOURCE\IRRLICHT\OBJ\STATIC LIB - DEBUG\CTRTEXTURELIGHTMAP2_M2.OBJ
G:\PROJECT\XEFFECTTEST\IRRLICHT-1.8\SOURCE\IRRLICHT\OBJ\STATIC LIB - DEBUG\CZIPREADER.OBJ
G:\PROJECT\XEFFECTTEST\IRRLICHT-1.8\SOURCE\IRRLICHT\OBJ\STATIC LIB - DEBUG\CXMLWRITER.OBJ
G:\PROJECT\XEFFECTTEST\IRRLICHT-1.8\SOURCE\IRRLICHT\OBJ\STATIC LIB - DEBUG\CXMLREADER.OBJ
G:\PROJECT\XEFFECTTEST\IRRLICHT-1.8\SOURCE\IRRLICHT\OBJ\STATIC LIB - DEBUG\CWRITEFILE.OBJ
G:\PROJECT\XEFFECTTEST\IRRLICHT-1.8\SOURCE\IRRLICHT\OBJ\STATIC LIB - DEBUG\CWADREADER.OBJ
G:\PROJECT\XEFFECTTEST\IRRLICHT-1.8\SOURCE\IRRLICHT\OBJ\STATIC LIB - DEBUG\CTARREADER.OBJ
G:\PROJECT\XEFFECTTEST\IRRLICHT-1.8\SOURCE\IRRLICHT\OBJ\STATIC LIB - DEBUG\CREADFILE.OBJ
G:\PROJECT\XEFFECTTEST\IRRLICHT-1.8\SOURCE\IRRLICHT\OBJ\STATIC LIB - DEBUG\CPAKREADER.OBJ
G:\PROJECT\XEFFECTTEST\IRRLICHT-1.8\SOURCE\IRRLICHT\OBJ\STATIC LIB - DEBUG\CNPKREADER.OBJ
G:\PROJECT\XEFFECTTEST\IRRLICHT-1.8\SOURCE\IRRLICHT\OBJ\STATIC LIB - DEBUG\CMOUNTPOINTREADER.OBJ
G:\PROJECT\XEFFECTTEST\IRRLICHT-1.8\SOURCE\IRRLICHT\OBJ\STATIC LIB - DEBUG\CMEMORYFILE.OBJ
G:\PROJECT\XEFFECTTEST\IRRLICHT-1.8\SOURCE\IRRLICHT\OBJ\STATIC LIB - DEBUG\CLIMITREADFILE.OBJ
G:\PROJECT\XEFFECTTEST\IRRLICHT-1.8\SOURCE\IRRLICHT\OBJ\STATIC LIB - DEBUG\CFILESYSTEM.OBJ
G:\PROJECT\XEFFECTTEST\IRRLICHT-1.8\SOURCE\IRRLICHT\OBJ\STATIC LIB - DEBUG\CFILELIST.OBJ
G:\PROJECT\XEFFECTTEST\IRRLICHT-1.8\SOURCE\IRRLICHT\OBJ\STATIC LIB - DEBUG\CATTRIBUTES.OBJ
G:\PROJECT\XEFFECTTEST\IRRLICHT-1.8\SOURCE\IRRLICHT\OBJ\STATIC LIB - DEBUG\CIRRDEVICEWINCE.OBJ
G:\PROJECT\XEFFECTTEST\IRRLICHT-1.8\SOURCE\IRRLICHT\OBJ\STATIC LIB - DEBUG\CIRRDEVICEWIN32.OBJ
G:\PROJECT\XEFFECTTEST\IRRLICHT-1.8\SOURCE\IRRLICHT\OBJ\STATIC LIB - DEBUG\CIRRDEVICESTUB.OBJ
G:\PROJECT\XEFFECTTEST\IRRLICHT-1.8\SOURCE\IRRLICHT\OBJ\STATIC LIB - DEBUG\CIRRDEVICESDL.OBJ
G:\PROJECT\XEFFECTTEST\IRRLICHT-1.8\SOURCE\IRRLICHT\OBJ\STATIC LIB - DEBUG\CIRRDEVICELINUX.OBJ
G:\PROJECT\XEFFECTTEST\IRRLICHT-1.8\SOURCE\IRRLICHT\OBJ\STATIC LIB - DEBUG\CGUISCROLLBAR.OBJ
G:\PROJECT\XEFFECTTEST\IRRLICHT-1.8\SOURCE\IRRLICHT\OBJ\STATIC LIB - DEBUG\CGUIMODALSCREEN.OBJ
G:\PROJECT\XEFFECTTEST\IRRLICHT-1.8\SOURCE\IRRLICHT\OBJ\STATIC LIB - DEBUG\CGUIMESSAGEBOX.OBJ
G:\PROJECT\XEFFECTTEST\IRRLICHT-1.8\SOURCE\IRRLICHT\OBJ\STATIC LIB - DEBUG\CGUIMESHVIEWER.OBJ
G:\PROJECT\XEFFECTTEST\IRRLICHT-1.8\SOURCE\IRRLICHT\OBJ\STATIC LIB - DEBUG\CGUIMENU.OBJ
G:\PROJECT\XEFFECTTEST\IRRLICHT-1.8\SOURCE\IRRLICHT\OBJ\STATIC LIB - DEBUG\CGUILISTBOX.OBJ
G:\PROJECT\XEFFECTTEST\IRRLICHT-1.8\SOURCE\IRRLICHT\OBJ\STATIC LIB - DEBUG\CGUIINOUTFADER.OBJ
G:\PROJECT\XEFFECTTEST\IRRLICHT-1.8\SOURCE\IRRLICHT\OBJ\STATIC LIB - DEBUG\CGUIIMAGELIST.OBJ
G:\PROJECT\XEFFECTTEST\IRRLICHT-1.8\SOURCE\IRRLICHT\OBJ\STATIC LIB - DEBUG\CGUIIMAGE.OBJ
G:\PROJECT\XEFFECTTEST\IRRLICHT-1.8\SOURCE\IRRLICHT\OBJ\STATIC LIB - DEBUG\CGUIFONT.OBJ
G:\PROJECT\XEFFECTTEST\IRRLICHT-1.8\SOURCE\IRRLICHT\OBJ\STATIC LIB - DEBUG\CGUIFILEOPENDIALOG.OBJ
G:\PROJECT\XEFFECTTEST\IRRLICHT-1.8\SOURCE\IRRLICHT\OBJ\STATIC LIB - DEBUG\CGUIENVIRONMENT.OBJ
G:\PROJECT\XEFFECTTEST\IRRLICHT-1.8\SOURCE\IRRLICHT\OBJ\STATIC LIB - DEBUG\CGUIEDITBOX.OBJ
G:\PROJECT\XEFFECTTEST\IRRLICHT-1.8\SOURCE\IRRLICHT\OBJ\STATIC LIB - DEBUG\CGUICONTEXTMENU.OBJ
G:\PROJECT\XEFFECTTEST\IRRLICHT-1.8\SOURCE\IRRLICHT\OBJ\STATIC LIB - DEBUG\CGUICOMBOBOX.OBJ
G:\PROJECT\XEFFECTTEST\IRRLICHT-1.8\SOURCE\IRRLICHT\OBJ\STATIC LIB - DEBUG\CGUICOLORSELECTDIALOG.OBJ
G:\PROJECT\XEFFECTTEST\IRRLICHT-1.8\SOURCE\IRRLICHT\OBJ\STATIC LIB - DEBUG\CGUICHECKBOX.OBJ
G:\PROJECT\XEFFECTTEST\IRRLICHT-1.8\SOURCE\IRRLICHT\OBJ\STATIC LIB - DEBUG\CGUIBUTTON.OBJ
G:\PROJECT\XEFFECTTEST\IRRLICHT-1.8\SOURCE\IRRLICHT\OBJ\STATIC LIB - DEBUG\CDEFAULTGUIELEMENTFACTORY.OBJ
G:\PROJECT\XEFFECTTEST\IRRLICHT-1.8\SOURCE\IRRLICHT\OBJ\STATIC LIB - DEBUG\IRRXML.OBJ
G:\PROJECT\XEFFECTTEST\IRRLICHT-1.8\SOURCE\IRRLICHT\OBJ\STATIC LIB - DEBUG\CGUIWINDOW.OBJ
G:\PROJECT\XEFFECTTEST\IRRLICHT-1.8\SOURCE\IRRLICHT\OBJ\STATIC LIB - DEBUG\CGUITREEVIEW.OBJ
G:\PROJECT\XEFFECTTEST\IRRLICHT-1.8\SOURCE\IRRLICHT\OBJ\STATIC LIB - DEBUG\CGUITOOLBAR.OBJ
G:\PROJECT\XEFFECTTEST\IRRLICHT-1.8\SOURCE\IRRLICHT\OBJ\STATIC LIB - DEBUG\CGUITABLE.OBJ
G:\PROJECT\XEFFECTTEST\IRRLICHT-1.8\SOURCE\IRRLICHT\OBJ\STATIC LIB - DEBUG\CGUITABCONTROL.OBJ
G:\PROJECT\XEFFECTTEST\IRRLICHT-1.8\SOURCE\IRRLICHT\OBJ\STATIC LIB - DEBUG\CGUISTATICTEXT.OBJ
G:\PROJECT\XEFFECTTEST\IRRLICHT-1.8\SOURCE\IRRLICHT\OBJ\STATIC LIB - DEBUG\CGUISPRITEBANK.OBJ
G:\PROJECT\XEFFECTTEST\IRRLICHT-1.8\SOURCE\IRRLICHT\OBJ\STATIC LIB - DEBUG\CGUISPINBOX.OBJ
G:\PROJECT\XEFFECTTEST\IRRLICHT-1.8\SOURCE\IRRLICHT\OBJ\STATIC LIB - DEBUG\CGUISKIN.OBJ
G:\PROJECT\XEFFECTTEST\IRRLICHT-1.8\SOURCE\IRRLICHT\OBJ\STATIC LIB - DEBUG\VC110.PDB
G:\PROJECT\XEFFECTTEST\IRRLICHT-1.8\SOURCE\IRRLICHT\OBJ\STATIC LIB - DEBUG\JCINIT.OBJ
G:\PROJECT\XEFFECTTEST\IRRLICHT-1.8\SOURCE\IRRLICHT\OBJ\STATIC LIB - DEBUG\JCHUFF.OBJ
G:\PROJECT\XEFFECTTEST\IRRLICHT-1.8\SOURCE\IRRLICHT\OBJ\STATIC LIB - DEBUG\JCDCTMGR.OBJ
G:\PROJECT\XEFFECTTEST\IRRLICHT-1.8\SOURCE\IRRLICHT\OBJ\STATIC LIB - DEBUG\JCCOLOR.OBJ
G:\PROJECT\XEFFECTTEST\IRRLICHT-1.8\SOURCE\IRRLICHT\OBJ\STATIC LIB - DEBUG\JCCOEFCT.OBJ
G:\PROJECT\XEFFECTTEST\IRRLICHT-1.8\SOURCE\IRRLICHT\OBJ\STATIC LIB - DEBUG\JCARITH.OBJ
G:\PROJECT\XEFFECTTEST\IRRLICHT-1.8\SOURCE\IRRLICHT\OBJ\STATIC LIB - DEBUG\JCAPISTD.OBJ
G:\PROJECT\XEFFECTTEST\IRRLICHT-1.8\SOURCE\IRRLICHT\OBJ\STATIC LIB - DEBUG\JCAPIMIN.OBJ
G:\PROJECT\XEFFECTTEST\IRRLICHT-1.8\SOURCE\IRRLICHT\OBJ\STATIC LIB - DEBUG\JARICOM.OBJ
G:\PROJECT\XEFFECTTEST\IRRLICHT-1.8\SOURCE\IRRLICHT\OBJ\STATIC LIB - DEBUG\ZUTIL.OBJ
G:\PROJECT\XEFFECTTEST\IRRLICHT-1.8\SOURCE\IRRLICHT\OBJ\STATIC LIB - DEBUG\UNCOMPR.OBJ
G:\PROJECT\XEFFECTTEST\IRRLICHT-1.8\SOURCE\IRRLICHT\OBJ\STATIC LIB - DEBUG\TREES.OBJ
G:\PROJECT\XEFFECTTEST\IRRLICHT-1.8\SOURCE\IRRLICHT\OBJ\STATIC LIB - DEBUG\INFTREES.OBJ
G:\PROJECT\XEFFECTTEST\IRRLICHT-1.8\SOURCE\IRRLICHT\OBJ\STATIC LIB - DEBUG\INFLATE.OBJ
G:\PROJECT\XEFFECTTEST\IRRLICHT-1.8\SOURCE\IRRLICHT\OBJ\STATIC LIB - DEBUG\INFFAST.OBJ
G:\PROJECT\XEFFECTTEST\IRRLICHT-1.8\SOURCE\IRRLICHT\OBJ\STATIC LIB - DEBUG\DEFLATE.OBJ
G:\PROJECT\XEFFECTTEST\IRRLICHT-1.8\SOURCE\IRRLICHT\OBJ\STATIC LIB - DEBUG\CRC32.OBJ
G:\PROJECT\XEFFECTTEST\IRRLICHT-1.8\SOURCE\IRRLICHT\OBJ\STATIC LIB - DEBUG\COMPRESS.OBJ
G:\PROJECT\XEFFECTTEST\IRRLICHT-1.8\SOURCE\IRRLICHT\OBJ\STATIC LIB - DEBUG\ADLER32.OBJ
G:\PROJECT\XEFFECTTEST\IRRLICHT-1.8\SOURCE\IRRLICHT\OBJ\STATIC LIB - DEBUG\LZMADEC.OBJ
G:\PROJECT\XEFFECTTEST\IRRLICHT-1.8\SOURCE\IRRLICHT\OBJ\STATIC LIB - DEBUG\JDMARKER.OBJ
G:\PROJECT\XEFFECTTEST\IRRLICHT-1.8\SOURCE\IRRLICHT\OBJ\STATIC LIB - DEBUG\JDMAINCT.OBJ
G:\PROJECT\XEFFECTTEST\IRRLICHT-1.8\SOURCE\IRRLICHT\OBJ\STATIC LIB - DEBUG\JDINPUT.OBJ
G:\PROJECT\XEFFECTTEST\IRRLICHT-1.8\SOURCE\IRRLICHT\OBJ\STATIC LIB - DEBUG\JDHUFF.OBJ
G:\PROJECT\XEFFECTTEST\IRRLICHT-1.8\SOURCE\IRRLICHT\OBJ\STATIC LIB - DEBUG\JDDCTMGR.OBJ
G:\PROJECT\XEFFECTTEST\IRRLICHT-1.8\SOURCE\IRRLICHT\OBJ\STATIC LIB - DEBUG\JDCOLOR.OBJ
G:\PROJECT\XEFFECTTEST\IRRLICHT-1.8\SOURCE\IRRLICHT\OBJ\STATIC LIB - DEBUG\JDCOEFCT.OBJ
G:\PROJECT\XEFFECTTEST\IRRLICHT-1.8\SOURCE\IRRLICHT\OBJ\STATIC LIB - DEBUG\JDATASRC.OBJ
G:\PROJECT\XEFFECTTEST\IRRLICHT-1.8\SOURCE\IRRLICHT\OBJ\STATIC LIB - DEBUG\JDATADST.OBJ
G:\PROJECT\XEFFECTTEST\IRRLICHT-1.8\SOURCE\IRRLICHT\OBJ\STATIC LIB - DEBUG\JDARITH.OBJ
G:\PROJECT\XEFFECTTEST\IRRLICHT-1.8\SOURCE\IRRLICHT\OBJ\STATIC LIB - DEBUG\JDAPISTD.OBJ
G:\PROJECT\XEFFECTTEST\IRRLICHT-1.8\SOURCE\IRRLICHT\OBJ\STATIC LIB - DEBUG\JDAPIMIN.OBJ
G:\PROJECT\XEFFECTTEST\IRRLICHT-1.8\SOURCE\IRRLICHT\OBJ\STATIC LIB - DEBUG\JCTRANS.OBJ
G:\PROJECT\XEFFECTTEST\IRRLICHT-1.8\SOURCE\IRRLICHT\OBJ\STATIC LIB - DEBUG\JCSAMPLE.OBJ
G:\PROJECT\XEFFECTTEST\IRRLICHT-1.8\SOURCE\IRRLICHT\OBJ\STATIC LIB - DEBUG\JCPREPCT.OBJ
G:\PROJECT\XEFFECTTEST\IRRLICHT-1.8\SOURCE\IRRLICHT\OBJ\STATIC LIB - DEBUG\JCPARAM.OBJ
G:\PROJECT\XEFFECTTEST\IRRLICHT-1.8\SOURCE\IRRLICHT\OBJ\STATIC LIB - DEBUG\JCOMAPI.OBJ
G:\PROJECT\XEFFECTTEST\IRRLICHT-1.8\SOURCE\IRRLICHT\OBJ\STATIC LIB - DEBUG\JCMASTER.OBJ
G:\PROJECT\XEFFECTTEST\IRRLICHT-1.8\SOURCE\IRRLICHT\OBJ\STATIC LIB - DEBUG\JCMARKER.OBJ
G:\PROJECT\XEFFECTTEST\IRRLICHT-1.8\SOURCE\IRRLICHT\OBJ\STATIC LIB - DEBUG\JCMAINCT.OBJ
G:\PROJECT\XEFFECTTEST\IRRLICHT-1.8\SOURCE\IRRLICHT\OBJ\STATIC LIB - DEBUG\PNGGET.OBJ
G:\PROJECT\XEFFECTTEST\IRRLICHT-1.8\SOURCE\IRRLICHT\OBJ\STATIC LIB - DEBUG\PNGERROR.OBJ
G:\PROJECT\XEFFECTTEST\IRRLICHT-1.8\SOURCE\IRRLICHT\OBJ\STATIC LIB - DEBUG\PNG.OBJ
G:\PROJECT\XEFFECTTEST\IRRLICHT-1.8\SOURCE\IRRLICHT\OBJ\STATIC LIB - DEBUG\JUTILS.OBJ
G:\PROJECT\XEFFECTTEST\IRRLICHT-1.8\SOURCE\IRRLICHT\OBJ\STATIC LIB - DEBUG\JQUANT2.OBJ
G:\PROJECT\XEFFECTTEST\IRRLICHT-1.8\SOURCE\IRRLICHT\OBJ\STATIC LIB - DEBUG\JQUANT1.OBJ
G:\PROJECT\XEFFECTTEST\IRRLICHT-1.8\SOURCE\IRRLICHT\OBJ\STATIC LIB - DEBUG\JMEMNOBS.OBJ
G:\PROJECT\XEFFECTTEST\IRRLICHT-1.8\SOURCE\IRRLICHT\OBJ\STATIC LIB - DEBUG\JMEMMGR.OBJ
G:\PROJECT\XEFFECTTEST\IRRLICHT-1.8\SOURCE\IRRLICHT\OBJ\STATIC LIB - DEBUG\JIDCTINT.OBJ
G:\PROJECT\XEFFECTTEST\IRRLICHT-1.8\SOURCE\IRRLICHT\OBJ\STATIC LIB - DEBUG\JIDCTFST.OBJ
G:\PROJECT\XEFFECTTEST\IRRLICHT-1.8\SOURCE\IRRLICHT\OBJ\STATIC LIB - DEBUG\JIDCTFLT.OBJ
G:\PROJECT\XEFFECTTEST\IRRLICHT-1.8\SOURCE\IRRLICHT\OBJ\STATIC LIB - DEBUG\JFDCTINT.OBJ
G:\PROJECT\XEFFECTTEST\IRRLICHT-1.8\SOURCE\IRRLICHT\OBJ\STATIC LIB - DEBUG\JFDCTFST.OBJ
G:\PROJECT\XEFFECTTEST\IRRLICHT-1.8\SOURCE\IRRLICHT\OBJ\STATIC LIB - DEBUG\JFDCTFLT.OBJ
G:\PROJECT\XEFFECTTEST\IRRLICHT-1.8\SOURCE\IRRLICHT\OBJ\STATIC LIB - DEBUG\JERROR.OBJ
G:\PROJECT\XEFFECTTEST\IRRLICHT-1.8\SOURCE\IRRLICHT\OBJ\STATIC LIB - DEBUG\JDTRANS.OBJ
G:\PROJECT\XEFFECTTEST\IRRLICHT-1.8\SOURCE\IRRLICHT\OBJ\STATIC LIB - DEBUG\JDSAMPLE.OBJ
G:\PROJECT\XEFFECTTEST\IRRLICHT-1.8\SOURCE\IRRLICHT\OBJ\STATIC LIB - DEBUG\JDPOSTCT.OBJ
G:\PROJECT\XEFFECTTEST\IRRLICHT-1.8\SOURCE\IRRLICHT\OBJ\STATIC LIB - DEBUG\JDMERGE.OBJ
G:\PROJECT\XEFFECTTEST\IRRLICHT-1.8\SOURCE\IRRLICHT\OBJ\STATIC LIB - DEBUG\JDMASTER.OBJ
G:\PROJECT\XEFFECTTEST\IRRLICHT-1.8\SOURCE\IRRLICHT\OBJ\STATIC LIB - DEBUG\RANDTABLE.OBJ
G:\PROJECT\XEFFECTTEST\IRRLICHT-1.8\SOURCE\IRRLICHT\OBJ\STATIC LIB - DEBUG\HUFFMAN.OBJ
G:\PROJECT\XEFFECTTEST\IRRLICHT-1.8\SOURCE\IRRLICHT\OBJ\STATIC LIB - DEBUG\DECOMPRESS.OBJ
G:\PROJECT\XEFFECTTEST\IRRLICHT-1.8\SOURCE\IRRLICHT\OBJ\STATIC LIB - DEBUG\CRCTABLE.OBJ
G:\PROJECT\XEFFECTTEST\IRRLICHT-1.8\SOURCE\IRRLICHT\OBJ\STATIC LIB - DEBUG\BZLIB.OBJ
G:\PROJECT\XEFFECTTEST\IRRLICHT-1.8\SOURCE\IRRLICHT\OBJ\STATIC LIB - DEBUG\BZCOMPRESS.OBJ
G:\PROJECT\XEFFECTTEST\IRRLICHT-1.8\SOURCE\IRRLICHT\OBJ\STATIC LIB - DEBUG\BLOCKSORT.OBJ
G:\PROJECT\XEFFECTTEST\IRRLICHT-1.8\SOURCE\IRRLICHT\OBJ\STATIC LIB - DEBUG\PNGWUTIL.OBJ
G:\PROJECT\XEFFECTTEST\IRRLICHT-1.8\SOURCE\IRRLICHT\OBJ\STATIC LIB - DEBUG\PNGWTRAN.OBJ
G:\PROJECT\XEFFECTTEST\IRRLICHT-1.8\SOURCE\IRRLICHT\OBJ\STATIC LIB - DEBUG\PNGWRITE.OBJ
G:\PROJECT\XEFFECTTEST\IRRLICHT-1.8\SOURCE\IRRLICHT\OBJ\STATIC LIB - DEBUG\PNGWIO.OBJ
G:\PROJECT\XEFFECTTEST\IRRLICHT-1.8\SOURCE\IRRLICHT\OBJ\STATIC LIB - DEBUG\PNGTRANS.OBJ
G:\PROJECT\XEFFECTTEST\IRRLICHT-1.8\SOURCE\IRRLICHT\OBJ\STATIC LIB - DEBUG\PNGSET.OBJ
G:\PROJECT\XEFFECTTEST\IRRLICHT-1.8\SOURCE\IRRLICHT\OBJ\STATIC LIB - DEBUG\PNGRUTIL.OBJ
G:\PROJECT\XEFFECTTEST\IRRLICHT-1.8\SOURCE\IRRLICHT\OBJ\STATIC LIB - DEBUG\PNGRTRAN.OBJ
G:\PROJECT\XEFFECTTEST\IRRLICHT-1.8\SOURCE\IRRLICHT\OBJ\STATIC LIB - DEBUG\PNGRIO.OBJ
G:\PROJECT\XEFFECTTEST\IRRLICHT-1.8\SOURCE\IRRLICHT\OBJ\STATIC LIB - DEBUG\PNGREAD.OBJ
G:\PROJECT\XEFFECTTEST\IRRLICHT-1.8\SOURCE\IRRLICHT\OBJ\STATIC LIB - DEBUG\PNGPREAD.OBJ
G:\PROJECT\XEFFECTTEST\IRRLICHT-1.8\SOURCE\IRRLICHT\OBJ\STATIC LIB - DEBUG\PNGMEM.OBJ
G:\PROJECT\XEFFECTTEST\IRRLICHT-1.8\LIB\WIN32-VISUALSTUDIO\IRRLICHT.LIB
G:\PROJECT\XEFFECTTEST\IRRLICHT-1.8\SOURCE\IRRLICHT\OBJ\STATIC LIB - DEBUG\IRRLICHT.RES
G:\Project\XEffectTest\irrlicht-1.8\source\Irrlicht\obj\Static lib - Debug\adler32.obj
G:\Project\XEffectTest\irrlicht-1.8\source\Irrlicht\obj\Static lib - Debug\aescrypt.obj
G:\Project\XEffectTest\irrlicht-1.8\source\Irrlicht\obj\Static lib - Debug\aeskey.obj
G:\Project\XEffectTest\irrlicht-1.8\source\Irrlicht\obj\Static lib - Debug\aestab.obj
G:\Project\XEffectTest\irrlicht-1.8\source\Irrlicht\obj\Static lib - Debug\blocksort.obj
G:\Project\XEffectTest\irrlicht-1.8\source\Irrlicht\obj\Static lib - Debug\bzcompress.obj
G:\Project\XEffectTest\irrlicht-1.8\source\Irrlicht\obj\Static lib - Debug\bzlib.obj
G:\Project\XEffectTest\irrlicht-1.8\source\Irrlicht\obj\Static lib - Debug\C3DSMeshFileLoader.obj
G:\Project\XEffectTest\irrlicht-1.8\source\Irrlicht\obj\Static lib - Debug\CAnimatedMeshHalfLife.obj
G:\Project\XEffectTest\irrlicht-1.8\source\Irrlicht\obj\Static lib - Debug\CAnimatedMeshMD2.obj
G:\Project\XEffectTest\irrlicht-1.8\source\Irrlicht\obj\Static lib - Debug\CAnimatedMeshMD3.obj
G:\Project\XEffectTest\irrlicht-1.8\source\Irrlicht\obj\Static lib - Debug\CAnimatedMeshSceneNode.obj
G:\Project\XEffectTest\irrlicht-1.8\source\Irrlicht\obj\Static lib - Debug\CAttributes.obj
G:\Project\XEffectTest\irrlicht-1.8\source\Irrlicht\obj\Static lib - Debug\CB3DMeshFileLoader.obj
G:\Project\XEffectTest\irrlicht-1.8\source\Irrlicht\obj\Static lib - Debug\CBillboardSceneNode.obj
G:\Project\XEffectTest\irrlicht-1.8\source\Irrlicht\obj\Static lib - Debug\CBoneSceneNode.obj
G:\Project\XEffectTest\irrlicht-1.8\source\Irrlicht\obj\Static lib - Debug\CBSPMeshFileLoader.obj
G:\Project\XEffectTest\irrlicht-1.8\source\Irrlicht\obj\Static lib - Debug\CBurningShader_Raster_Reference.obj
G:\Project\XEffectTest\irrlicht-1.8\source\Irrlicht\obj\Static lib - Debug\CCameraSceneNode.obj
G:\Project\XEffectTest\irrlicht-1.8\source\Irrlicht\obj\Static lib - Debug\CCgMaterialRenderer.obj
G:\Project\XEffectTest\irrlicht-1.8\source\Irrlicht\obj\Static lib - Debug\CColladaFileLoader.obj
G:\Project\XEffectTest\irrlicht-1.8\source\Irrlicht\obj\Static lib - Debug\CColladaMeshWriter.obj
G:\Project\XEffectTest\irrlicht-1.8\source\Irrlicht\obj\Static lib - Debug\CColorConverter.obj
G:\Project\XEffectTest\irrlicht-1.8\source\Irrlicht\obj\Static lib - Debug\CCSMLoader.obj
G:\Project\XEffectTest\irrlicht-1.8\source\Irrlicht\obj\Static lib - Debug\CCubeSceneNode.obj
G:\Project\XEffectTest\irrlicht-1.8\source\Irrlicht\obj\Static lib - Debug\CD3D8Driver.obj
G:\Project\XEffectTest\irrlicht-1.8\source\Irrlicht\obj\Static lib - Debug\CD3D8NormalMapRenderer.obj
G:\Project\XEffectTest\irrlicht-1.8\source\Irrlicht\obj\Static lib - Debug\CD3D8ParallaxMapRenderer.obj
G:\Project\XEffectTest\irrlicht-1.8\source\Irrlicht\obj\Static lib - Debug\CD3D8ShaderMaterialRenderer.obj
G:\Project\XEffectTest\irrlicht-1.8\source\Irrlicht\obj\Static lib - Debug\CD3D8Texture.obj
G:\Project\XEffectTest\irrlicht-1.8\source\Irrlicht\obj\Static lib - Debug\CD3D9CgMaterialRenderer.obj
G:\Project\XEffectTest\irrlicht-1.8\source\Irrlicht\obj\Static lib - Debug\CD3D9Driver.obj
G:\Project\XEffectTest\irrlicht-1.8\source\Irrlicht\obj\Static lib - Debug\CD3D9HLSLMaterialRenderer.obj
G:\Project\XEffectTest\irrlicht-1.8\source\Irrlicht\obj\Static lib - Debug\CD3D9NormalMapRenderer.obj
G:\Project\XEffectTest\irrlicht-1.8\source\Irrlicht\obj\Static lib - Debug\CD3D9ParallaxMapRenderer.obj
G:\Project\XEffectTest\irrlicht-1.8\source\Irrlicht\obj\Static lib - Debug\CD3D9ShaderMaterialRenderer.obj
G:\Project\XEffectTest\irrlicht-1.8\source\Irrlicht\obj\Static lib - Debug\CD3D9Texture.obj
G:\Project\XEffectTest\irrlicht-1.8\source\Irrlicht\obj\Static lib - Debug\CDefaultGUIElementFactory.obj
G:\Project\XEffectTest\irrlicht-1.8\source\Irrlicht\obj\Static lib - Debug\CDefaultSceneNodeAnimatorFactory.obj
G:\Project\XEffectTest\irrlicht-1.8\source\Irrlicht\obj\Static lib - Debug\CDefaultSceneNodeFactory.obj
G:\Project\XEffectTest\irrlicht-1.8\source\Irrlicht\obj\Static lib - Debug\CDepthBuffer.obj
G:\Project\XEffectTest\irrlicht-1.8\source\Irrlicht\obj\Static lib - Debug\CDMFLoader.obj
G:\Project\XEffectTest\irrlicht-1.8\source\Irrlicht\obj\Static lib - Debug\CDummyTransformationSceneNode.obj
G:\Project\XEffectTest\irrlicht-1.8\source\Irrlicht\obj\Static lib - Debug\CEmptySceneNode.obj
G:\Project\XEffectTest\irrlicht-1.8\source\Irrlicht\obj\Static lib - Debug\CFileList.obj
G:\Project\XEffectTest\irrlicht-1.8\source\Irrlicht\obj\Static lib - Debug\CFileSystem.obj
G:\Project\XEffectTest\irrlicht-1.8\source\Irrlicht\obj\Static lib - Debug\CFPSCounter.obj
G:\Project\XEffectTest\irrlicht-1.8\source\Irrlicht\obj\Static lib - Debug\CGeometryCreator.obj
G:\Project\XEffectTest\irrlicht-1.8\source\Irrlicht\obj\Static lib - Debug\CGUIButton.obj
G:\Project\XEffectTest\irrlicht-1.8\source\Irrlicht\obj\Static lib - Debug\CGUICheckbox.obj
G:\Project\XEffectTest\irrlicht-1.8\source\Irrlicht\obj\Static lib - Debug\CGUIColorSelectDialog.obj
G:\Project\XEffectTest\irrlicht-1.8\source\Irrlicht\obj\Static lib - Debug\CGUIComboBox.obj
G:\Project\XEffectTest\irrlicht-1.8\source\Irrlicht\obj\Static lib - Debug\CGUIContextMenu.obj
G:\Project\XEffectTest\irrlicht-1.8\source\Irrlicht\obj\Static lib - Debug\CGUIEditBox.obj
G:\Project\XEffectTest\irrlicht-1.8\source\Irrlicht\obj\Static lib - Debug\CGUIEnvironment.obj
G:\Project\XEffectTest\irrlicht-1.8\source\Irrlicht\obj\Static lib - Debug\CGUIFileOpenDialog.obj
G:\Project\XEffectTest\irrlicht-1.8\source\Irrlicht\obj\Static lib - Debug\CGUIFont.obj
G:\Project\XEffectTest\irrlicht-1.8\source\Irrlicht\obj\Static lib - Debug\CGUIImage.obj
G:\Project\XEffectTest\irrlicht-1.8\source\Irrlicht\obj\Static lib - Debug\CGUIImageList.obj
G:\Project\XEffectTest\irrlicht-1.8\source\Irrlicht\obj\Static lib - Debug\CGUIInOutFader.obj
G:\Project\XEffectTest\irrlicht-1.8\source\Irrlicht\obj\Static lib - Debug\CGUIListBox.obj
G:\Project\XEffectTest\irrlicht-1.8\source\Irrlicht\obj\Static lib - Debug\CGUIMenu.obj
G:\Project\XEffectTest\irrlicht-1.8\source\Irrlicht\obj\Static lib - Debug\CGUIMeshViewer.obj
G:\Project\XEffectTest\irrlicht-1.8\source\Irrlicht\obj\Static lib - Debug\CGUIMessageBox.obj
G:\Project\XEffectTest\irrlicht-1.8\source\Irrlicht\obj\Static lib - Debug\CGUIModalScreen.obj
G:\Project\XEffectTest\irrlicht-1.8\source\Irrlicht\obj\Static lib - Debug\CGUIScrollBar.obj
G:\Project\XEffectTest\irrlicht-1.8\source\Irrlicht\obj\Static lib - Debug\CGUISkin.obj
G:\Project\XEffectTest\irrlicht-1.8\source\Irrlicht\obj\Static lib - Debug\CGUISpinBox.obj
G:\Project\XEffectTest\irrlicht-1.8\source\Irrlicht\obj\Static lib - Debug\CGUISpriteBank.obj
G:\Project\XEffectTest\irrlicht-1.8\source\Irrlicht\obj\Static lib - Debug\CGUIStaticText.obj
G:\Project\XEffectTest\irrlicht-1.8\source\Irrlicht\obj\Static lib - Debug\CGUITabControl.obj
G:\Project\XEffectTest\irrlicht-1.8\source\Irrlicht\obj\Static lib - Debug\CGUITable.obj
G:\Project\XEffectTest\irrlicht-1.8\source\Irrlicht\obj\Static lib - Debug\CGUIToolBar.obj
G:\Project\XEffectTest\irrlicht-1.8\source\Irrlicht\obj\Static lib - Debug\CGUITreeView.obj
G:\Project\XEffectTest\irrlicht-1.8\source\Irrlicht\obj\Static lib - Debug\CGUIWindow.obj
G:\Project\XEffectTest\irrlicht-1.8\source\Irrlicht\obj\Static lib - Debug\CImage.obj
G:\Project\XEffectTest\irrlicht-1.8\source\Irrlicht\obj\Static lib - Debug\CImageLoaderBMP.obj
G:\Project\XEffectTest\irrlicht-1.8\source\Irrlicht\obj\Static lib - Debug\CImageLoaderDDS.obj
G:\Project\XEffectTest\irrlicht-1.8\source\Irrlicht\obj\Static lib - Debug\CImageLoaderJPG.obj
G:\Project\XEffectTest\irrlicht-1.8\source\Irrlicht\obj\Static lib - Debug\CImageLoaderPCX.obj
G:\Project\XEffectTest\irrlicht-1.8\source\Irrlicht\obj\Static lib - Debug\CImageLoaderPNG.obj
G:\Project\XEffectTest\irrlicht-1.8\source\Irrlicht\obj\Static lib - Debug\CImageLoaderPPM.obj
G:\Project\XEffectTest\irrlicht-1.8\source\Irrlicht\obj\Static lib - Debug\CImageLoaderPSD.obj
G:\Project\XEffectTest\irrlicht-1.8\source\Irrlicht\obj\Static lib - Debug\CImageLoaderRGB.obj
G:\Project\XEffectTest\irrlicht-1.8\source\Irrlicht\obj\Static lib - Debug\CImageLoaderTGA.obj
G:\Project\XEffectTest\irrlicht-1.8\source\Irrlicht\obj\Static lib - Debug\CImageLoaderWAL.obj
G:\Project\XEffectTest\irrlicht-1.8\source\Irrlicht\obj\Static lib - Debug\CImageWriterBMP.obj
G:\Project\XEffectTest\irrlicht-1.8\source\Irrlicht\obj\Static lib - Debug\CImageWriterJPG.obj
G:\Project\XEffectTest\irrlicht-1.8\source\Irrlicht\obj\Static lib - Debug\CImageWriterPCX.obj
G:\Project\XEffectTest\irrlicht-1.8\source\Irrlicht\obj\Static lib - Debug\CImageWriterPNG.obj
G:\Project\XEffectTest\irrlicht-1.8\source\Irrlicht\obj\Static lib - Debug\CImageWriterPPM.obj
G:\Project\XEffectTest\irrlicht-1.8\source\Irrlicht\obj\Static lib - Debug\CImageWriterPSD.obj
G:\Project\XEffectTest\irrlicht-1.8\source\Irrlicht\obj\Static lib - Debug\CImageWriterTGA.obj
G:\Project\XEffectTest\irrlicht-1.8\source\Irrlicht\obj\Static lib - Debug\CIrrDeviceConsole.obj
G:\Project\XEffectTest\irrlicht-1.8\source\Irrlicht\obj\Static lib - Debug\CIrrDeviceFB.obj
G:\Project\XEffectTest\irrlicht-1.8\source\Irrlicht\obj\Static lib - Debug\CIrrDeviceLinux.obj
G:\Project\XEffectTest\irrlicht-1.8\source\Irrlicht\obj\Static lib - Debug\CIrrDeviceSDL.obj
G:\Project\XEffectTest\irrlicht-1.8\source\Irrlicht\obj\Static lib - Debug\CIrrDeviceStub.obj
G:\Project\XEffectTest\irrlicht-1.8\source\Irrlicht\obj\Static lib - Debug\CIrrDeviceWin32.obj
G:\Project\XEffectTest\irrlicht-1.8\source\Irrlicht\obj\Static lib - Debug\CIrrDeviceWinCE.obj
G:\Project\XEffectTest\irrlicht-1.8\source\Irrlicht\obj\Static lib - Debug\CIrrMeshFileLoader.obj
G:\Project\XEffectTest\irrlicht-1.8\source\Irrlicht\obj\Static lib - Debug\CIrrMeshWriter.obj
G:\Project\XEffectTest\irrlicht-1.8\source\Irrlicht\obj\Static lib - Debug\CLightSceneNode.obj
G:\Project\XEffectTest\irrlicht-1.8\source\Irrlicht\obj\Static lib - Debug\CLimitReadFile.obj
G:\Project\XEffectTest\irrlicht-1.8\source\Irrlicht\obj\Static lib - Debug\CLMTSMeshFileLoader.obj
G:\Project\XEffectTest\irrlicht-1.8\source\Irrlicht\obj\Static lib - Debug\CLogger.obj
G:\Project\XEffectTest\irrlicht-1.8\source\Irrlicht\obj\Static lib - Debug\CLWOMeshFileLoader.obj
G:\Project\XEffectTest\irrlicht-1.8\source\Irrlicht\obj\Static lib - Debug\CMD2MeshFileLoader.obj
G:\Project\XEffectTest\irrlicht-1.8\source\Irrlicht\obj\Static lib - Debug\CMD3MeshFileLoader.obj
G:\Project\XEffectTest\irrlicht-1.8\source\Irrlicht\obj\Static lib - Debug\CMemoryFile.obj
G:\Project\XEffectTest\irrlicht-1.8\source\Irrlicht\obj\Static lib - Debug\CMeshCache.obj
G:\Project\XEffectTest\irrlicht-1.8\source\Irrlicht\obj\Static lib - Debug\CMeshManipulator.obj
G:\Project\XEffectTest\irrlicht-1.8\source\Irrlicht\obj\Static lib - Debug\CMeshSceneNode.obj
G:\Project\XEffectTest\irrlicht-1.8\source\Irrlicht\obj\Static lib - Debug\CMetaTriangleSelector.obj
G:\Project\XEffectTest\irrlicht-1.8\source\Irrlicht\obj\Static lib - Debug\CMountPointReader.obj
G:\Project\XEffectTest\irrlicht-1.8\source\Irrlicht\obj\Static lib - Debug\CMS3DMeshFileLoader.obj
G:\Project\XEffectTest\irrlicht-1.8\source\Irrlicht\obj\Static lib - Debug\CMY3DMeshFileLoader.obj
G:\Project\XEffectTest\irrlicht-1.8\source\Irrlicht\obj\Static lib - Debug\CNPKReader.obj
G:\Project\XEffectTest\irrlicht-1.8\source\Irrlicht\obj\Static lib - Debug\CNullDriver.obj
G:\Project\XEffectTest\irrlicht-1.8\source\Irrlicht\obj\Static lib - Debug\COBJMeshFileLoader.obj
G:\Project\XEffectTest\irrlicht-1.8\source\Irrlicht\obj\Static lib - Debug\COBJMeshWriter.obj
G:\Project\XEffectTest\irrlicht-1.8\source\Irrlicht\obj\Static lib - Debug\COCTLoader.obj
G:\Project\XEffectTest\irrlicht-1.8\source\Irrlicht\obj\Static lib - Debug\COctreeSceneNode.obj
G:\Project\XEffectTest\irrlicht-1.8\source\Irrlicht\obj\Static lib - Debug\COctreeTriangleSelector.obj
G:\Project\XEffectTest\irrlicht-1.8\source\Irrlicht\obj\Static lib - Debug\COgreMeshFileLoader.obj
G:\Project\XEffectTest\irrlicht-1.8\source\Irrlicht\obj\Static lib - Debug\compress.obj
G:\Project\XEffectTest\irrlicht-1.8\source\Irrlicht\obj\Static lib - Debug\COpenGLCgMaterialRenderer.obj
G:\Project\XEffectTest\irrlicht-1.8\source\Irrlicht\obj\Static lib - Debug\COpenGLDriver.obj
G:\Project\XEffectTest\irrlicht-1.8\source\Irrlicht\obj\Static lib - Debug\COpenGLExtensionHandler.obj
G:\Project\XEffectTest\irrlicht-1.8\source\Irrlicht\obj\Static lib - Debug\COpenGLNormalMapRenderer.obj
G:\Project\XEffectTest\irrlicht-1.8\source\Irrlicht\obj\Static lib - Debug\COpenGLParallaxMapRenderer.obj
G:\Project\XEffectTest\irrlicht-1.8\source\Irrlicht\obj\Static lib - Debug\COpenGLShaderMaterialRenderer.obj
G:\Project\XEffectTest\irrlicht-1.8\source\Irrlicht\obj\Static lib - Debug\COpenGLSLMaterialRenderer.obj
G:\Project\XEffectTest\irrlicht-1.8\source\Irrlicht\obj\Static lib - Debug\COpenGLTexture.obj
G:\Project\XEffectTest\irrlicht-1.8\source\Irrlicht\obj\Static lib - Debug\COSOperator.obj
G:\Project\XEffectTest\irrlicht-1.8\source\Irrlicht\obj\Static lib - Debug\CPakReader.obj
G:\Project\XEffectTest\irrlicht-1.8\source\Irrlicht\obj\Static lib - Debug\CParticleAnimatedMeshSceneNodeEmitter.obj
G:\Project\XEffectTest\irrlicht-1.8\source\Irrlicht\obj\Static lib - Debug\CParticleAttractionAffector.obj
G:\Project\XEffectTest\irrlicht-1.8\source\Irrlicht\obj\Static lib - Debug\CParticleBoxEmitter.obj
G:\Project\XEffectTest\irrlicht-1.8\source\Irrlicht\obj\Static lib - Debug\CParticleCylinderEmitter.obj
G:\Project\XEffectTest\irrlicht-1.8\source\Irrlicht\obj\Static lib - Debug\CParticleFadeOutAffector.obj
G:\Project\XEffectTest\irrlicht-1.8\source\Irrlicht\obj\Static lib - Debug\CParticleGravityAffector.obj
G:\Project\XEffectTest\irrlicht-1.8\source\Irrlicht\obj\Static lib - Debug\CParticleMeshEmitter.obj
G:\Project\XEffectTest\irrlicht-1.8\source\Irrlicht\obj\Static lib - Debug\CParticlePointEmitter.obj
G:\Project\XEffectTest\irrlicht-1.8\source\Irrlicht\obj\Static lib - Debug\CParticleRingEmitter.obj
G:\Project\XEffectTest\irrlicht-1.8\source\Irrlicht\obj\Static lib - Debug\CParticleRotationAffector.obj
G:\Project\XEffectTest\irrlicht-1.8\source\Irrlicht\obj\Static lib - Debug\CParticleScaleAffector.obj
G:\Project\XEffectTest\irrlicht-1.8\source\Irrlicht\obj\Static lib - Debug\CParticleSphereEmitter.obj
G:\Project\XEffectTest\irrlicht-1.8\source\Irrlicht\obj\Static lib - Debug\CParticleSystemSceneNode.obj
G:\Project\XEffectTest\irrlicht-1.8\source\Irrlicht\obj\Static lib - Debug\CPLYMeshFileLoader.obj
G:\Project\XEffectTest\irrlicht-1.8\source\Irrlicht\obj\Static lib - Debug\CPLYMeshWriter.obj
G:\Project\XEffectTest\irrlicht-1.8\source\Irrlicht\obj\Static lib - Debug\CQ3LevelMesh.obj
G:\Project\XEffectTest\irrlicht-1.8\source\Irrlicht\obj\Static lib - Debug\CQuake3ShaderSceneNode.obj
G:\Project\XEffectTest\irrlicht-1.8\source\Irrlicht\obj\Static lib - Debug\crc32.obj
G:\Project\XEffectTest\irrlicht-1.8\source\Irrlicht\obj\Static lib - Debug\crctable.obj
G:\Project\XEffectTest\irrlicht-1.8\source\Irrlicht\obj\Static lib - Debug\CReadFile.obj
G:\Project\XEffectTest\irrlicht-1.8\source\Irrlicht\obj\Static lib - Debug\CSceneCollisionManager.obj
G:\Project\XEffectTest\irrlicht-1.8\source\Irrlicht\obj\Static lib - Debug\CSceneLoaderIrr.obj
G:\Project\XEffectTest\irrlicht-1.8\source\Irrlicht\obj\Static lib - Debug\CSceneManager.obj
G:\Project\XEffectTest\irrlicht-1.8\source\Irrlicht\obj\Static lib - Debug\CSceneNodeAnimatorCameraFPS.obj
G:\Project\XEffectTest\irrlicht-1.8\source\Irrlicht\obj\Static lib - Debug\CSceneNodeAnimatorCameraMaya.obj
G:\Project\XEffectTest\irrlicht-1.8\source\Irrlicht\obj\Static lib - Debug\CSceneNodeAnimatorCollisionResponse.obj
G:\Project\XEffectTest\irrlicht-1.8\source\Irrlicht\obj\Static lib - Debug\CSceneNodeAnimatorDelete.obj
G:\Project\XEffectTest\irrlicht-1.8\source\Irrlicht\obj\Static lib - Debug\CSceneNodeAnimatorFlyCircle.obj
G:\Project\XEffectTest\irrlicht-1.8\source\Irrlicht\obj\Static lib - Debug\CSceneNodeAnimatorFlyStraight.obj
G:\Project\XEffectTest\irrlicht-1.8\source\Irrlicht\obj\Static lib - Debug\CSceneNodeAnimatorFollowSpline.obj
G:\Project\XEffectTest\irrlicht-1.8\source\Irrlicht\obj\Static lib - Debug\CSceneNodeAnimatorRotation.obj
G:\Project\XEffectTest\irrlicht-1.8\source\Irrlicht\obj\Static lib - Debug\CSceneNodeAnimatorTexture.obj
G:\Project\XEffectTest\irrlicht-1.8\source\Irrlicht\obj\Static lib - Debug\CShadowVolumeSceneNode.obj
G:\Project\XEffectTest\irrlicht-1.8\source\Irrlicht\obj\Static lib - Debug\CSkinnedMesh.obj
G:\Project\XEffectTest\irrlicht-1.8\source\Irrlicht\obj\Static lib - Debug\CSkyBoxSceneNode.obj
G:\Project\XEffectTest\irrlicht-1.8\source\Irrlicht\obj\Static lib - Debug\CSkyDomeSceneNode.obj
G:\Project\XEffectTest\irrlicht-1.8\source\Irrlicht\obj\Static lib - Debug\CSMFMeshFileLoader.obj
G:\Project\XEffectTest\irrlicht-1.8\source\Irrlicht\obj\Static lib - Debug\CSoftwareDriver.obj
G:\Project\XEffectTest\irrlicht-1.8\source\Irrlicht\obj\Static lib - Debug\CSoftwareDriver2.obj
G:\Project\XEffectTest\irrlicht-1.8\source\Irrlicht\obj\Static lib - Debug\CSoftwareTexture.obj
G:\Project\XEffectTest\irrlicht-1.8\source\Irrlicht\obj\Static lib - Debug\CSoftwareTexture2.obj
G:\Project\XEffectTest\irrlicht-1.8\source\Irrlicht\obj\Static lib - Debug\CSphereSceneNode.obj
G:\Project\XEffectTest\irrlicht-1.8\source\Irrlicht\obj\Static lib - Debug\CSTLMeshFileLoader.obj
G:\Project\XEffectTest\irrlicht-1.8\source\Irrlicht\obj\Static lib - Debug\CSTLMeshWriter.obj
G:\Project\XEffectTest\irrlicht-1.8\source\Irrlicht\obj\Static lib - Debug\CTarReader.obj
G:\Project\XEffectTest\irrlicht-1.8\source\Irrlicht\obj\Static lib - Debug\CTerrainSceneNode.obj
G:\Project\XEffectTest\irrlicht-1.8\source\Irrlicht\obj\Static lib - Debug\CTerrainTriangleSelector.obj
G:\Project\XEffectTest\irrlicht-1.8\source\Irrlicht\obj\Static lib - Debug\CTextSceneNode.obj
G:\Project\XEffectTest\irrlicht-1.8\source\Irrlicht\obj\Static lib - Debug\CTRFlat.obj
G:\Project\XEffectTest\irrlicht-1.8\source\Irrlicht\obj\Static lib - Debug\CTRFlatWire.obj
G:\Project\XEffectTest\irrlicht-1.8\source\Irrlicht\obj\Static lib - Debug\CTRGouraud.obj
G:\Project\XEffectTest\irrlicht-1.8\source\Irrlicht\obj\Static lib - Debug\CTRGouraud2.obj
G:\Project\XEffectTest\irrlicht-1.8\source\Irrlicht\obj\Static lib - Debug\CTRGouraudAlpha2.obj
G:\Project\XEffectTest\irrlicht-1.8\source\Irrlicht\obj\Static lib - Debug\CTRGouraudAlphaNoZ2.obj
G:\Project\XEffectTest\irrlicht-1.8\source\Irrlicht\obj\Static lib - Debug\CTRGouraudWire.obj
G:\Project\XEffectTest\irrlicht-1.8\source\Irrlicht\obj\Static lib - Debug\CTriangleBBSelector.obj
G:\Project\XEffectTest\irrlicht-1.8\source\Irrlicht\obj\Static lib - Debug\CTriangleSelector.obj
G:\Project\XEffectTest\irrlicht-1.8\source\Irrlicht\obj\Static lib - Debug\CTRNormalMap.obj
G:\Project\XEffectTest\irrlicht-1.8\source\Irrlicht\obj\Static lib - Debug\CTRStencilShadow.obj
G:\Project\XEffectTest\irrlicht-1.8\source\Irrlicht\obj\Static lib - Debug\CTRTextureBlend.obj
G:\Project\XEffectTest\irrlicht-1.8\source\Irrlicht\obj\Static lib - Debug\CTRTextureDetailMap2.obj
G:\Project\XEffectTest\irrlicht-1.8\source\Irrlicht\obj\Static lib - Debug\CTRTextureFlat.obj
G:\Project\XEffectTest\irrlicht-1.8\source\Irrlicht\obj\Static lib - Debug\CTRTextureFlatWire.obj
G:\Project\XEffectTest\irrlicht-1.8\source\Irrlicht\obj\Static lib - Debug\CTRTextureGouraud.obj
G:\Project\XEffectTest\irrlicht-1.8\source\Irrlicht\obj\Static lib - Debug\CTRTextureGouraud2.obj
G:\Project\XEffectTest\irrlicht-1.8\source\Irrlicht\obj\Static lib - Debug\CTRTextureGouraudAdd.obj
G:\Project\XEffectTest\irrlicht-1.8\source\Irrlicht\obj\Static lib - Debug\CTRTextureGouraudAdd2.obj
G:\Project\XEffectTest\irrlicht-1.8\source\Irrlicht\obj\Static lib - Debug\CTRTextureGouraudAddNoZ2.obj
G:\Project\XEffectTest\irrlicht-1.8\source\Irrlicht\obj\Static lib - Debug\CTRTextureGouraudAlpha.obj
G:\Project\XEffectTest\irrlicht-1.8\source\Irrlicht\obj\Static lib - Debug\CTRTextureGouraudAlphaNoZ.obj
G:\Project\XEffectTest\irrlicht-1.8\source\Irrlicht\obj\Static lib - Debug\CTRTextureGouraudNoZ.obj
G:\Project\XEffectTest\irrlicht-1.8\source\Irrlicht\obj\Static lib - Debug\CTRTextureGouraudNoZ2.obj
G:\Project\XEffectTest\irrlicht-1.8\source\Irrlicht\obj\Static lib - Debug\CTRTextureGouraudVertexAlpha2.obj
G:\Project\XEffectTest\irrlicht-1.8\source\Irrlicht\obj\Static lib - Debug\CTRTextureGouraudWire.obj
G:\Project\XEffectTest\irrlicht-1.8\source\Irrlicht\obj\Static lib - Debug\CTRTextureLightMap2_Add.obj
G:\Project\XEffectTest\irrlicht-1.8\source\Irrlicht\obj\Static lib - Debug\CTRTextureLightMap2_M1.obj
G:\Project\XEffectTest\irrlicht-1.8\source\Irrlicht\obj\Static lib - Debug\CTRTextureLightMap2_M2.obj
G:\Project\XEffectTest\irrlicht-1.8\source\Irrlicht\obj\Static lib - Debug\CTRTextureLightMap2_M4.obj
G:\Project\XEffectTest\irrlicht-1.8\source\Irrlicht\obj\Static lib - Debug\CTRTextureLightMapGouraud2_M4.obj
G:\Project\XEffectTest\irrlicht-1.8\source\Irrlicht\obj\Static lib - Debug\CTRTextureWire2.obj
G:\Project\XEffectTest\irrlicht-1.8\source\Irrlicht\obj\Static lib - Debug\CVideoModeList.obj
G:\Project\XEffectTest\irrlicht-1.8\source\Irrlicht\obj\Static lib - Debug\CVolumeLightSceneNode.obj
G:\Project\XEffectTest\irrlicht-1.8\source\Irrlicht\obj\Static lib - Debug\CWADReader.obj
G:\Project\XEffectTest\irrlicht-1.8\source\Irrlicht\obj\Static lib - Debug\CWaterSurfaceSceneNode.obj
G:\Project\XEffectTest\irrlicht-1.8\source\Irrlicht\obj\Static lib - Debug\CWriteFile.obj
G:\Project\XEffectTest\irrlicht-1.8\source\Irrlicht\obj\Static lib - Debug\CXMeshFileLoader.obj
G:\Project\XEffectTest\irrlicht-1.8\source\Irrlicht\obj\Static lib - Debug\CXMLReader.obj
G:\Project\XEffectTest\irrlicht-1.8\source\Irrlicht\obj\Static lib - Debug\CXMLWriter.obj
G:\Project\XEffectTest\irrlicht-1.8\source\Irrlicht\obj\Static lib - Debug\CZBuffer.obj
G:\Project\XEffectTest\irrlicht-1.8\source\Irrlicht\obj\Static lib - Debug\CZipReader.obj
G:\Project\XEffectTest\irrlicht-1.8\source\Irrlicht\obj\Static lib - Debug\decompress.obj
G:\Project\XEffectTest\irrlicht-1.8\source\Irrlicht\obj\Static lib - Debug\deflate.obj
G:\Project\XEffectTest\irrlicht-1.8\source\Irrlicht\obj\Static lib - Debug\fileenc.obj
G:\Project\XEffectTest\irrlicht-1.8\source\Irrlicht\obj\Static lib - Debug\hmac.obj
G:\Project\XEffectTest\irrlicht-1.8\source\Irrlicht\obj\Static lib - Debug\huffman.obj
G:\Project\XEffectTest\irrlicht-1.8\source\Irrlicht\obj\Static lib - Debug\IBurningShader.obj
G:\Project\XEffectTest\irrlicht-1.8\source\Irrlicht\obj\Static lib - Debug\inffast.obj
G:\Project\XEffectTest\irrlicht-1.8\source\Irrlicht\obj\Static lib - Debug\inflate.obj
G:\Project\XEffectTest\irrlicht-1.8\source\Irrlicht\obj\Static lib - Debug\inftrees.obj
G:\Project\XEffectTest\irrlicht-1.8\source\Irrlicht\obj\Static lib - Debug\Irrlicht.obj
G:\Project\XEffectTest\irrlicht-1.8\source\Irrlicht\obj\Static lib - Debug\irrXML.obj
G:\Project\XEffectTest\irrlicht-1.8\source\Irrlicht\obj\Static lib - Debug\jaricom.obj
G:\Project\XEffectTest\irrlicht-1.8\source\Irrlicht\obj\Static lib - Debug\jcapimin.obj
G:\Project\XEffectTest\irrlicht-1.8\source\Irrlicht\obj\Static lib - Debug\jcapistd.obj
G:\Project\XEffectTest\irrlicht-1.8\source\Irrlicht\obj\Static lib - Debug\jcarith.obj
G:\Project\XEffectTest\irrlicht-1.8\source\Irrlicht\obj\Static lib - Debug\jccoefct.obj
G:\Project\XEffectTest\irrlicht-1.8\source\Irrlicht\obj\Static lib - Debug\jccolor.obj
G:\Project\XEffectTest\irrlicht-1.8\source\Irrlicht\obj\Static lib - Debug\jcdctmgr.obj
G:\Project\XEffectTest\irrlicht-1.8\source\Irrlicht\obj\Static lib - Debug\jchuff.obj
G:\Project\XEffectTest\irrlicht-1.8\source\Irrlicht\obj\Static lib - Debug\jcinit.obj
G:\Project\XEffectTest\irrlicht-1.8\source\Irrlicht\obj\Static lib - Debug\jcmainct.obj
G:\Project\XEffectTest\irrlicht-1.8\source\Irrlicht\obj\Static lib - Debug\jcmarker.obj
G:\Project\XEffectTest\irrlicht-1.8\source\Irrlicht\obj\Static lib - Debug\jcmaster.obj
G:\Project\XEffectTest\irrlicht-1.8\source\Irrlicht\obj\Static lib - Debug\jcomapi.obj
G:\Project\XEffectTest\irrlicht-1.8\source\Irrlicht\obj\Static lib - Debug\jcparam.obj
G:\Project\XEffectTest\irrlicht-1.8\source\Irrlicht\obj\Static lib - Debug\jcprepct.obj
G:\Project\XEffectTest\irrlicht-1.8\source\Irrlicht\obj\Static lib - Debug\jcsample.obj
G:\Project\XEffectTest\irrlicht-1.8\source\Irrlicht\obj\Static lib - Debug\jctrans.obj
G:\Project\XEffectTest\irrlicht-1.8\source\Irrlicht\obj\Static lib - Debug\jdapimin.obj
G:\Project\XEffectTest\irrlicht-1.8\source\Irrlicht\obj\Static lib - Debug\jdapistd.obj
G:\Project\XEffectTest\irrlicht-1.8\source\Irrlicht\obj\Static lib - Debug\jdarith.obj
G:\Project\XEffectTest\irrlicht-1.8\source\Irrlicht\obj\Static lib - Debug\jdatadst.obj
G:\Project\XEffectTest\irrlicht-1.8\source\Irrlicht\obj\Static lib - Debug\jdatasrc.obj
G:\Project\XEffectTest\irrlicht-1.8\source\Irrlicht\obj\Static lib - Debug\jdcoefct.obj
G:\Project\XEffectTest\irrlicht-1.8\source\Irrlicht\obj\Static lib - Debug\jdcolor.obj
G:\Project\XEffectTest\irrlicht-1.8\source\Irrlicht\obj\Static lib - Debug\jddctmgr.obj
G:\Project\XEffectTest\irrlicht-1.8\source\Irrlicht\obj\Static lib - Debug\jdhuff.obj
G:\Project\XEffectTest\irrlicht-1.8\source\Irrlicht\obj\Static lib - Debug\jdinput.obj
G:\Project\XEffectTest\irrlicht-1.8\source\Irrlicht\obj\Static lib - Debug\jdmainct.obj
G:\Project\XEffectTest\irrlicht-1.8\source\Irrlicht\obj\Static lib - Debug\jdmarker.obj
G:\Project\XEffectTest\irrlicht-1.8\source\Irrlicht\obj\Static lib - Debug\jdmaster.obj
G:\Project\XEffectTest\irrlicht-1.8\source\Irrlicht\obj\Static lib - Debug\jdmerge.obj
G:\Project\XEffectTest\irrlicht-1.8\source\Irrlicht\obj\Static lib - Debug\jdpostct.obj
G:\Project\XEffectTest\irrlicht-1.8\source\Irrlicht\obj\Static lib - Debug\jdsample.obj
G:\Project\XEffectTest\irrlicht-1.8\source\Irrlicht\obj\Static lib - Debug\jdtrans.obj
G:\Project\XEffectTest\irrlicht-1.8\source\Irrlicht\obj\Static lib - Debug\jerror.obj
G:\Project\XEffectTest\irrlicht-1.8\source\Irrlicht\obj\Static lib - Debug\jfdctflt.obj
G:\Project\XEffectTest\irrlicht-1.8\source\Irrlicht\obj\Static lib - Debug\jfdctfst.obj
G:\Project\XEffectTest\irrlicht-1.8\source\Irrlicht\obj\Static lib - Debug\jfdctint.obj
G:\Project\XEffectTest\irrlicht-1.8\source\Irrlicht\obj\Static lib - Debug\jidctflt.obj
G:\Project\XEffectTest\irrlicht-1.8\source\Irrlicht\obj\Static lib - Debug\jidctfst.obj
G:\Project\XEffectTest\irrlicht-1.8\source\Irrlicht\obj\Static lib - Debug\jidctint.obj
G:\Project\XEffectTest\irrlicht-1.8\source\Irrlicht\obj\Static lib - Debug\jmemmgr.obj
G:\Project\XEffectTest\irrlicht-1.8\source\Irrlicht\obj\Static lib - Debug\jmemnobs.obj
G:\Project\XEffectTest\irrlicht-1.8\source\Irrlicht\obj\Static lib - Debug\jquant1.obj
G:\Project\XEffectTest\irrlicht-1.8\source\Irrlicht\obj\Static lib - Debug\jquant2.obj
G:\Project\XEffectTest\irrlicht-1.8\source\Irrlicht\obj\Static lib - Debug\jutils.obj
G:\Project\XEffectTest\irrlicht-1.8\source\Irrlicht\obj\Static lib - Debug\LzmaDec.obj
G:\Project\XEffectTest\irrlicht-1.8\source\Irrlicht\obj\Static lib - Debug\os.obj
G:\Project\XEffectTest\irrlicht-1.8\source\Irrlicht\obj\Static lib - Debug\png.obj
G:\Project\XEffectTest\irrlicht-1.8\source\Irrlicht\obj\Static lib - Debug\pngerror.obj
G:\Project\XEffectTest\irrlicht-1.8\source\Irrlicht\obj\Static lib - Debug\pngget.obj
G:\Project\XEffectTest\irrlicht-1.8\source\Irrlicht\obj\Static lib - Debug\pngmem.obj
G:\Project\XEffectTest\irrlicht-1.8\source\Irrlicht\obj\Static lib - Debug\pngpread.obj
G:\Project\XEffectTest\irrlicht-1.8\source\Irrlicht\obj\Static lib - Debug\pngread.obj
G:\Project\XEffectTest\irrlicht-1.8\source\Irrlicht\obj\Static lib - Debug\pngrio.obj
G:\Project\XEffectTest\irrlicht-1.8\source\Irrlicht\obj\Static lib - Debug\pngrtran.obj
G:\Project\XEffectTest\irrlicht-1.8\source\Irrlicht\obj\Static lib - Debug\pngrutil.obj
G:\Project\XEffectTest\irrlicht-1.8\source\Irrlicht\obj\Static lib - Debug\pngset.obj
G:\Project\XEffectTest\irrlicht-1.8\source\Irrlicht\obj\Static lib - Debug\pngtrans.obj
G:\Project\XEffectTest\irrlicht-1.8\source\Irrlicht\obj\Static lib - Debug\pngwio.obj
G:\Project\XEffectTest\irrlicht-1.8\source\Irrlicht\obj\Static lib - Debug\pngwrite.obj
G:\Project\XEffectTest\irrlicht-1.8\source\Irrlicht\obj\Static lib - Debug\pngwtran.obj
G:\Project\XEffectTest\irrlicht-1.8\source\Irrlicht\obj\Static lib - Debug\pngwutil.obj
G:\Project\XEffectTest\irrlicht-1.8\source\Irrlicht\obj\Static lib - Debug\prng.obj
G:\Project\XEffectTest\irrlicht-1.8\source\Irrlicht\obj\Static lib - Debug\pwd2key.obj
G:\Project\XEffectTest\irrlicht-1.8\source\Irrlicht\obj\Static lib - Debug\randtable.obj
G:\Project\XEffectTest\irrlicht-1.8\source\Irrlicht\obj\Static lib - Debug\sha1.obj
G:\Project\XEffectTest\irrlicht-1.8\source\Irrlicht\obj\Static lib - Debug\sha2.obj
G:\Project\XEffectTest\irrlicht-1.8\source\Irrlicht\obj\Static lib - Debug\trees.obj
G:\Project\XEffectTest\irrlicht-1.8\source\Irrlicht\obj\Static lib - Debug\uncompr.obj
G:\Project\XEffectTest\irrlicht-1.8\source\Irrlicht\obj\Static lib - Debug\zutil.obj
G:\Project\XEffectTest\irrlicht-1.8\source\Irrlicht\obj\Static lib - Debug\cl.command.1.tlog
G:\Project\XEffectTest\irrlicht-1.8\source\Irrlicht\obj\Static lib - Debug\CL.read.1.tlog
G:\Project\XEffectTest\irrlicht-1.8\source\Irrlicht\obj\Static lib - Debug\CL.write.1.tlog
G:\Project\XEffectTest\irrlicht-1.8\source\Irrlicht\obj\Static lib - Debug\Lib-link-cvtres.read.1.tlog
G:\Project\XEffectTest\irrlicht-1.8\source\Irrlicht\obj\Static lib - Debug\Lib-link-cvtres.write.1.tlog
G:\Project\XEffectTest\irrlicht-1.8\source\Irrlicht\obj\Static lib - Debug\Lib-link.read.1.tlog
G:\Project\XEffectTest\irrlicht-1.8\source\Irrlicht\obj\Static lib - Debug\Lib-link.write.1.tlog
G:\Project\XEffectTest\irrlicht-1.8\source\Irrlicht\obj\Static lib - Debug\lib.command.1.tlog
G:\Project\XEffectTest\irrlicht-1.8\source\Irrlicht\obj\Static lib - Debug\rc.command.1.tlog
G:\Project\XEffectTest\irrlicht-1.8\source\Irrlicht\obj\Static lib - Debug\rc.read.1.tlog
G:\Project\XEffectTest\irrlicht-1.8\source\Irrlicht\obj\Static lib - Debug\rc.write.1.tlog
G:\Project\XEffectTest\irrlicht-1.8\source\Irrlicht\obj\Static lib - Debug\Irrlicht.res
G:\Project\XEffectTest\irrlicht-1.8\source\Irrlicht\obj\Static lib - Debug\vc110.pdb
