生成启动时间为 2014/9/12 17:58:22。
     1>项目“G:\Project\XEffectTest\irrlicht-1.8\source\Irrlicht\Irrlicht11.0.vcxproj”在节点 2 上(Build 个目标)。
     1>InitializeBuildStatus:
         正在创建“obj\Static lib - Debug\Irrlicht1.8.unsuccessfulbuild”，因为已指定“AlwaysCreate”。
       ClCompile:
         C:\Program Files (x86)\Microsoft Visual Studio 11.0\VC\bin\CL.exe /c /I..\..\include /Izlib /I"C:\Program Files (x86)\Visual Leak Detector\include" /Zi /nologo /W3 /WX- /Od /Oy- /D WIN32 /D _DEBUG /D _WINDOWS /D _USRDLL /D _IRR_STATIC_LIB_ /D _CRT_SECURE_NO_DEPRECATE /D _VC80_UPGRADE=0x0710 /Gm- /RTC1 /MDd /GS /fp:precise /Zc:wchar_t /Zc:forScope /GR- /Fo"obj\Static lib - Debug\\" /Fd"obj\Static lib - Debug\vc110.pdb" /Gd /TP /analyze- /errorReport:prompt COpenGLDriver.cpp
         COpenGLDriver.cpp
         所有输出均为最新。
       ResourceCompile:
         所有输出均为最新。
     1>C:\Program Files (x86)\MSBuild\Microsoft.Cpp\v4.0\V110\Microsoft.CppBuild.targets(1299,5): warning MSB8012: TargetPath(G:\Project\XEffectTest\irrlicht-1.8\source\Irrlicht\..\..\lib\Win32-VisualStudio\Irrlicht1.8.lib) does not match the Library's OutputFile property value (G:\Project\XEffectTest\irrlicht-1.8\lib\Win32-visualstudio\Irrlicht.lib). This may cause your project to build incorrectly. To correct this, please make sure that $(OutDir), $(TargetName) and $(TargetExt) property values match the value specified in %(Lib.OutputFile).
     1>C:\Program Files (x86)\MSBuild\Microsoft.Cpp\v4.0\V110\Microsoft.CppBuild.targets(1301,5): warning MSB8012: TargetName(Irrlicht1.8) does not match the Library's OutputFile property value (Irrlicht). This may cause your project to build incorrectly. To correct this, please make sure that $(OutDir), $(TargetName) and $(TargetExt) property values match the value specified in %(Lib.OutputFile).
       Lib:
         C:\Program Files (x86)\Microsoft Visual Studio 11.0\VC\bin\Lib.exe /OUT:"..\..\lib\Win32-visualstudio\Irrlicht.lib" winmm.lib /LIBPATH:"C:\Program Files (x86)\Visual Leak Detector\lib\Win32" /NOLOGO "obj\Static lib - Debug\Irrlicht.res"
         "obj\Static lib - Debug\CCgMaterialRenderer.obj"
         "obj\Static lib - Debug\CD3D9CgMaterialRenderer.obj"
         "obj\Static lib - Debug\CDefaultSceneNodeAnimatorFactory.obj"
         "obj\Static lib - Debug\CDefaultSceneNodeFactory.obj"
         "obj\Static lib - Debug\CGeometryCreator.obj"
         "obj\Static lib - Debug\CMeshCache.obj"
         "obj\Static lib - Debug\CMeshManipulator.obj"
         "obj\Static lib - Debug\COpenGLCgMaterialRenderer.obj"
         "obj\Static lib - Debug\CSceneManager.obj"
         "obj\Static lib - Debug\C3DSMeshFileLoader.obj"
         "obj\Static lib - Debug\CSMFMeshFileLoader.obj"
         "obj\Static lib - Debug\CAnimatedMeshHalfLife.obj"
         "obj\Static lib - Debug\CAnimatedMeshMD2.obj"
         "obj\Static lib - Debug\CAnimatedMeshMD3.obj"
         "obj\Static lib - Debug\CB3DMeshFileLoader.obj"
         "obj\Static lib - Debug\CBSPMeshFileLoader.obj"
         "obj\Static lib - Debug\CColladaFileLoader.obj"
         "obj\Static lib - Debug\CCSMLoader.obj"
         "obj\Static lib - Debug\CDMFLoader.obj"
         "obj\Static lib - Debug\CIrrMeshFileLoader.obj"
         "obj\Static lib - Debug\CLMTSMeshFileLoader.obj"
         "obj\Static lib - Debug\CLWOMeshFileLoader.obj"
         "obj\Static lib - Debug\CMD2MeshFileLoader.obj"
         "obj\Static lib - Debug\CMD3MeshFileLoader.obj"
         "obj\Static lib - Debug\CMS3DMeshFileLoader.obj"
         "obj\Static lib - Debug\CMY3DMeshFileLoader.obj"
         "obj\Static lib - Debug\COBJMeshFileLoader.obj"
         "obj\Static lib - Debug\COCTLoader.obj"
         "obj\Static lib - Debug\COgreMeshFileLoader.obj"
         "obj\Static lib - Debug\CPLYMeshFileLoader.obj"
         "obj\Static lib - Debug\CQ3LevelMesh.obj"
         "obj\Static lib - Debug\CSkinnedMesh.obj"
         "obj\Static lib - Debug\CSTLMeshFileLoader.obj"
         "obj\Static lib - Debug\CXMeshFileLoader.obj"
         "obj\Static lib - Debug\CAnimatedMeshSceneNode.obj"
         "obj\Static lib - Debug\CBillboardSceneNode.obj"
         "obj\Static lib - Debug\CBoneSceneNode.obj"
         "obj\Static lib - Debug\CCameraSceneNode.obj"
         "obj\Static lib - Debug\CCubeSceneNode.obj"
         "obj\Static lib - Debug\CDummyTransformationSceneNode.obj"
         "obj\Static lib - Debug\CEmptySceneNode.obj"
         "obj\Static lib - Debug\CLightSceneNode.obj"
         "obj\Static lib - Debug\CMeshSceneNode.obj"
         "obj\Static lib - Debug\COctreeSceneNode.obj"
         "obj\Static lib - Debug\CQuake3ShaderSceneNode.obj"
         "obj\Static lib - Debug\CShadowVolumeSceneNode.obj"
         "obj\Static lib - Debug\CSkyBoxSceneNode.obj"
         "obj\Static lib - Debug\CSkyDomeSceneNode.obj"
         "obj\Static lib - Debug\CSphereSceneNode.obj"
         "obj\Static lib - Debug\CTerrainSceneNode.obj"
         "obj\Static lib - Debug\CTextSceneNode.obj"
         "obj\Static lib - Debug\CVolumeLightSceneNode.obj"
         "obj\Static lib - Debug\CWaterSurfaceSceneNode.obj"
         "obj\Static lib - Debug\CParticleAnimatedMeshSceneNodeEmitter.obj"
         "obj\Static lib - Debug\CParticleAttractionAffector.obj"
         "obj\Static lib - Debug\CParticleBoxEmitter.obj"
         "obj\Static lib - Debug\CParticleCylinderEmitter.obj"
         "obj\Static lib - Debug\CParticleFadeOutAffector.obj"
         "obj\Static lib - Debug\CParticleGravityAffector.obj"
         "obj\Static lib - Debug\CParticleMeshEmitter.obj"
         "obj\Static lib - Debug\CParticlePointEmitter.obj"
         "obj\Static lib - Debug\CParticleRingEmitter.obj"
         "obj\Static lib - Debug\CParticleRotationAffector.obj"
         "obj\Static lib - Debug\CParticleScaleAffector.obj"
         "obj\Static lib - Debug\CParticleSphereEmitter.obj"
         "obj\Static lib - Debug\CParticleSystemSceneNode.obj"
         "obj\Static lib - Debug\CMetaTriangleSelector.obj"
         "obj\Static lib - Debug\COctreeTriangleSelector.obj"
         "obj\Static lib - Debug\CSceneCollisionManager.obj"
         "obj\Static lib - Debug\CTerrainTriangleSelector.obj"
         "obj\Static lib - Debug\CTriangleBBSelector.obj"
         "obj\Static lib - Debug\CTriangleSelector.obj"
         "obj\Static lib - Debug\CSceneLoaderIrr.obj"
         "obj\Static lib - Debug\CSceneNodeAnimatorCameraFPS.obj"
         "obj\Static lib - Debug\CSceneNodeAnimatorCameraMaya.obj"
         "obj\Static lib - Debug\CSceneNodeAnimatorCollisionResponse.obj"
         "obj\Static lib - Debug\CSceneNodeAnimatorDelete.obj"
         "obj\Static lib - Debug\CSceneNodeAnimatorFlyCircle.obj"
         "obj\Static lib - Debug\CSceneNodeAnimatorFlyStraight.obj"
         "obj\Static lib - Debug\CSceneNodeAnimatorFollowSpline.obj"
         "obj\Static lib - Debug\CSceneNodeAnimatorRotation.obj"
         "obj\Static lib - Debug\CSceneNodeAnimatorTexture.obj"
         "obj\Static lib - Debug\CColladaMeshWriter.obj"
         "obj\Static lib - Debug\CIrrMeshWriter.obj"
         "obj\Static lib - Debug\COBJMeshWriter.obj"
         "obj\Static lib - Debug\CPLYMeshWriter.obj"
         "obj\Static lib - Debug\CSTLMeshWriter.obj"
         "obj\Static lib - Debug\CVideoModeList.obj"
         "obj\Static lib - Debug\CSoftwareDriver.obj"
         "obj\Static lib - Debug\CSoftwareTexture.obj"
         "obj\Static lib - Debug\CTRFlat.obj"
         "obj\Static lib - Debug\CTRFlatWire.obj"
         "obj\Static lib - Debug\CTRGouraud.obj"
         "obj\Static lib - Debug\CTRGouraudWire.obj"
         "obj\Static lib - Debug\CTRTextureFlat.obj"
         "obj\Static lib - Debug\CTRTextureFlatWire.obj"
         "obj\Static lib - Debug\CTRTextureGouraud.obj"
         "obj\Static lib - Debug\CTRTextureGouraudAdd.obj"
         "obj\Static lib - Debug\CTRTextureGouraudNoZ.obj"
         "obj\Static lib - Debug\CTRTextureGouraudWire.obj"
         "obj\Static lib - Debug\CZBuffer.obj"
         "obj\Static lib - Debug\COpenGLDriver.obj"
         "obj\Static lib - Debug\COpenGLExtensionHandler.obj"
         "obj\Static lib - Debug\COpenGLNormalMapRenderer.obj"
         "obj\Static lib - Debug\COpenGLParallaxMapRenderer.obj"
         "obj\Static lib - Debug\COpenGLShaderMaterialRenderer.obj"
         "obj\Static lib - Debug\COpenGLSLMaterialRenderer.obj"
         "obj\Static lib - Debug\COpenGLTexture.obj"
         "obj\Static lib - Debug\CD3D8Driver.obj"
         "obj\Static lib - Debug\CD3D8NormalMapRenderer.obj"
         "obj\Static lib - Debug\CD3D8ParallaxMapRenderer.obj"
         "obj\Static lib - Debug\CD3D8ShaderMaterialRenderer.obj"
         "obj\Static lib - Debug\CD3D8Texture.obj"
         "obj\Static lib - Debug\CColorConverter.obj"
         "obj\Static lib - Debug\CFPSCounter.obj"
         "obj\Static lib - Debug\CImage.obj"
         "obj\Static lib - Debug\CNullDriver.obj"
         "obj\Static lib - Debug\CImageWriterBMP.obj"
         "obj\Static lib - Debug\CImageWriterJPG.obj"
         "obj\Static lib - Debug\CImageWriterPCX.obj"
         "obj\Static lib - Debug\CImageWriterPNG.obj"
         "obj\Static lib - Debug\CImageWriterPPM.obj"
         "obj\Static lib - Debug\CImageWriterPSD.obj"
         "obj\Static lib - Debug\CImageWriterTGA.obj"
         "obj\Static lib - Debug\CImageLoaderBMP.obj"
         "obj\Static lib - Debug\CImageLoaderDDS.obj"
         "obj\Static lib - Debug\CImageLoaderJPG.obj"
         "obj\Static lib - Debug\CImageLoaderPCX.obj"
         "obj\Static lib - Debug\CImageLoaderPNG.obj"
         "obj\Static lib - Debug\CImageLoaderPPM.obj"
         "obj\Static lib - Debug\CImageLoaderPSD.obj"
         "obj\Static lib - Debug\CImageLoaderRGB.obj"
         "obj\Static lib - Debug\CImageLoaderTGA.obj"
         "obj\Static lib - Debug\CImageLoaderWAL.obj"
         "obj\Static lib - Debug\CD3D9Driver.obj"
         "obj\Static lib - Debug\CD3D9HLSLMaterialRenderer.obj"
         "obj\Static lib - Debug\CD3D9NormalMapRenderer.obj"
         "obj\Static lib - Debug\CD3D9ParallaxMapRenderer.obj"
         "obj\Static lib - Debug\CD3D9ShaderMaterialRenderer.obj"
         "obj\Static lib - Debug\CD3D9Texture.obj"
         "obj\Static lib - Debug\CBurningShader_Raster_Reference.obj"
         "obj\Static lib - Debug\CDepthBuffer.obj"
         "obj\Static lib - Debug\CSoftwareDriver2.obj"
         "obj\Static lib - Debug\CSoftwareTexture2.obj"
         "obj\Static lib - Debug\CTRGouraud2.obj"
         "obj\Static lib - Debug\CTRGouraudAlpha2.obj"
         "obj\Static lib - Debug\CTRGouraudAlphaNoZ2.obj"
         "obj\Static lib - Debug\CTRNormalMap.obj"
         "obj\Static lib - Debug\CTRStencilShadow.obj"
         "obj\Static lib - Debug\CTRTextureBlend.obj"
         "obj\Static lib - Debug\CTRTextureDetailMap2.obj"
         "obj\Static lib - Debug\CTRTextureGouraud2.obj"
         "obj\Static lib - Debug\CTRTextureGouraudAdd2.obj"
         "obj\Static lib - Debug\CTRTextureGouraudAddNoZ2.obj"
         "obj\Static lib - Debug\CTRTextureGouraudAlpha.obj"
         "obj\Static lib - Debug\CTRTextureGouraudAlphaNoZ.obj"
         "obj\Static lib - Debug\CTRTextureGouraudNoZ2.obj"
         "obj\Static lib - Debug\CTRTextureGouraudVertexAlpha2.obj"
         "obj\Static lib - Debug\CTRTextureLightMap2_Add.obj"
         "obj\Static lib - Debug\CTRTextureLightMap2_M1.obj"
         "obj\Static lib - Debug\CTRTextureLightMap2_M2.obj"
         "obj\Static lib - Debug\CTRTextureLightMap2_M4.obj"
         "obj\Static lib - Debug\CTRTextureLightMapGouraud2_M4.obj"
         "obj\Static lib - Debug\CTRTextureWire2.obj"
         "obj\Static lib - Debug\IBurningShader.obj"
         "obj\Static lib - Debug\CLogger.obj"
         "obj\Static lib - Debug\COSOperator.obj"
         "obj\Static lib - Debug\Irrlicht.obj"
         "obj\Static lib - Debug\os.obj"
         "obj\Static lib - Debug\LzmaDec.obj"
         "obj\Static lib - Debug\adler32.obj"
         "obj\Static lib - Debug\compress.obj"
         "obj\Static lib - Debug\crc32.obj"
         "obj\Static lib - Debug\deflate.obj"
         "obj\Static lib - Debug\inffast.obj"
         "obj\Static lib - Debug\inflate.obj"
         "obj\Static lib - Debug\inftrees.obj"
         "obj\Static lib - Debug\trees.obj"
         "obj\Static lib - Debug\uncompr.obj"
         "obj\Static lib - Debug\zutil.obj"
         "obj\Static lib - Debug\jaricom.obj"
         "obj\Static lib - Debug\jcapimin.obj"
         "obj\Static lib - Debug\jcapistd.obj"
         "obj\Static lib - Debug\jcarith.obj"
         "obj\Static lib - Debug\jccoefct.obj"
         "obj\Static lib - Debug\jccolor.obj"
         "obj\Static lib - Debug\jcdctmgr.obj"
         "obj\Static lib - Debug\jchuff.obj"
         "obj\Static lib - Debug\jcinit.obj"
         "obj\Static lib - Debug\jcmainct.obj"
         "obj\Static lib - Debug\jcmarker.obj"
         "obj\Static lib - Debug\jcmaster.obj"
         "obj\Static lib - Debug\jcomapi.obj"
         "obj\Static lib - Debug\jcparam.obj"
         "obj\Static lib - Debug\jcprepct.obj"
         "obj\Static lib - Debug\jcsample.obj"
         "obj\Static lib - Debug\jctrans.obj"
         "obj\Static lib - Debug\jdapimin.obj"
         "obj\Static lib - Debug\jdapistd.obj"
         "obj\Static lib - Debug\jdarith.obj"
         "obj\Static lib - Debug\jdatadst.obj"
         "obj\Static lib - Debug\jdatasrc.obj"
         "obj\Static lib - Debug\jdcoefct.obj"
         "obj\Static lib - Debug\jdcolor.obj"
         "obj\Static lib - Debug\jddctmgr.obj"
         "obj\Static lib - Debug\jdhuff.obj"
         "obj\Static lib - Debug\jdinput.obj"
         "obj\Static lib - Debug\jdmainct.obj"
         "obj\Static lib - Debug\jdmarker.obj"
         "obj\Static lib - Debug\jdmaster.obj"
         "obj\Static lib - Debug\jdmerge.obj"
         "obj\Static lib - Debug\jdpostct.obj"
         "obj\Static lib - Debug\jdsample.obj"
         "obj\Static lib - Debug\jdtrans.obj"
         "obj\Static lib - Debug\jerror.obj"
         "obj\Static lib - Debug\jfdctflt.obj"
         "obj\Static lib - Debug\jfdctfst.obj"
         "obj\Static lib - Debug\jfdctint.obj"
         "obj\Static lib - Debug\jidctflt.obj"
         "obj\Static lib - Debug\jidctfst.obj"
         "obj\Static lib - Debug\jidctint.obj"
         "obj\Static lib - Debug\jmemmgr.obj"
         "obj\Static lib - Debug\jmemnobs.obj"
         "obj\Static lib - Debug\jquant1.obj"
         "obj\Static lib - Debug\jquant2.obj"
         "obj\Static lib - Debug\jutils.obj"
         "obj\Static lib - Debug\png.obj"
         "obj\Static lib - Debug\pngerror.obj"
         "obj\Static lib - Debug\pngget.obj"
         "obj\Static lib - Debug\pngmem.obj"
         "obj\Static lib - Debug\pngpread.obj"
         "obj\Static lib - Debug\pngread.obj"
         "obj\Static lib - Debug\pngrio.obj"
         "obj\Static lib - Debug\pngrtran.obj"
         "obj\Static lib - Debug\pngrutil.obj"
         "obj\Static lib - Debug\pngset.obj"
         "obj\Static lib - Debug\pngtrans.obj"
         "obj\Static lib - Debug\pngwio.obj"
         "obj\Static lib - Debug\pngwrite.obj"
         "obj\Static lib - Debug\pngwtran.obj"
         "obj\Static lib - Debug\pngwutil.obj"
         "obj\Static lib - Debug\aescrypt.obj"
         "obj\Static lib - Debug\aeskey.obj"
         "obj\Static lib - Debug\aestab.obj"
         "obj\Static lib - Debug\fileenc.obj"
         "obj\Static lib - Debug\hmac.obj"
         "obj\Static lib - Debug\prng.obj"
         "obj\Static lib - Debug\pwd2key.obj"
         "obj\Static lib - Debug\sha1.obj"
         "obj\Static lib - Debug\sha2.obj"
         "obj\Static lib - Debug\blocksort.obj"
         "obj\Static lib - Debug\bzcompress.obj"
         "obj\Static lib - Debug\bzlib.obj"
         "obj\Static lib - Debug\crctable.obj"
         "obj\Static lib - Debug\decompress.obj"
         "obj\Static lib - Debug\huffman.obj"
         "obj\Static lib - Debug\randtable.obj"
         "obj\Static lib - Debug\CIrrDeviceConsole.obj"
         "obj\Static lib - Debug\CIrrDeviceFB.obj"
         "obj\Static lib - Debug\CIrrDeviceLinux.obj"
         "obj\Static lib - Debug\CIrrDeviceSDL.obj"
         "obj\Static lib - Debug\CIrrDeviceStub.obj"
         "obj\Static lib - Debug\CIrrDeviceWin32.obj"
         "obj\Static lib - Debug\CIrrDeviceWinCE.obj"
         "obj\Static lib - Debug\CAttributes.obj"
         "obj\Static lib - Debug\CFileList.obj"
         "obj\Static lib - Debug\CFileSystem.obj"
         "obj\Static lib - Debug\CLimitReadFile.obj"
         "obj\Static lib - Debug\CMemoryFile.obj"
         "obj\Static lib - Debug\CMountPointReader.obj"
         "obj\Static lib - Debug\CNPKReader.obj"
         "obj\Static lib - Debug\CPakReader.obj"
         "obj\Static lib - Debug\CReadFile.obj"
         "obj\Static lib - Debug\CTarReader.obj"
         "obj\Static lib - Debug\CWADReader.obj"
         "obj\Static lib - Debug\CWriteFile.obj"
         "obj\Static lib - Debug\CXMLReader.obj"
         "obj\Static lib - Debug\CXMLWriter.obj"
         "obj\Static lib - Debug\CZipReader.obj"
         "obj\Static lib - Debug\irrXML.obj"
         "obj\Static lib - Debug\CDefaultGUIElementFactory.obj"
         "obj\Static lib - Debug\CGUIButton.obj"
         "obj\Static lib - Debug\CGUICheckbox.obj"
         "obj\Static lib - Debug\CGUIColorSelectDialog.obj"
         "obj\Static lib - Debug\CGUIComboBox.obj"
         "obj\Static lib - Debug\CGUIContextMenu.obj"
         "obj\Static lib - Debug\CGUIEditBox.obj"
         "obj\Static lib - Debug\CGUIEnvironment.obj"
         "obj\Static lib - Debug\CGUIFileOpenDialog.obj"
         "obj\Static lib - Debug\CGUIFont.obj"
         "obj\Static lib - Debug\CGUIImage.obj"
         "obj\Static lib - Debug\CGUIImageList.obj"
         "obj\Static lib - Debug\CGUIInOutFader.obj"
         "obj\Static lib - Debug\CGUIListBox.obj"
         "obj\Static lib - Debug\CGUIMenu.obj"
         "obj\Static lib - Debug\CGUIMeshViewer.obj"
         "obj\Static lib - Debug\CGUIMessageBox.obj"
         "obj\Static lib - Debug\CGUIModalScreen.obj"
         "obj\Static lib - Debug\CGUIScrollBar.obj"
         "obj\Static lib - Debug\CGUISkin.obj"
         "obj\Static lib - Debug\CGUISpinBox.obj"
         "obj\Static lib - Debug\CGUISpriteBank.obj"
         "obj\Static lib - Debug\CGUIStaticText.obj"
         "obj\Static lib - Debug\CGUITabControl.obj"
         "obj\Static lib - Debug\CGUITable.obj"
         "obj\Static lib - Debug\CGUIToolBar.obj"
         "obj\Static lib - Debug\CGUITreeView.obj"
         "obj\Static lib - Debug\CGUIWindow.obj"
     1>LINK : warning LNK4068: 未指定 /MACHINE；默认设置为 X86
         Irrlicht11.0.vcxproj -> G:\Project\XEffectTest\irrlicht-1.8\source\Irrlicht\..\..\lib\Win32-VisualStudio\Irrlicht1.8.lib
       FinalizeBuildStatus:
         正在删除文件“obj\Static lib - Debug\Irrlicht1.8.unsuccessfulbuild”。
         正在对“obj\Static lib - Debug\Irrlicht1.8.lastbuildstate”执行 Touch 任务。
     1>已完成生成项目“G:\Project\XEffectTest\irrlicht-1.8\source\Irrlicht\Irrlicht11.0.vcxproj”(Build 个目标)的操作。

生成成功。

已用时间 00:00:02.03
