生成启动时间为 2014/9/12 17:08:45。
     1>项目“G:\Project\XEffectTest\irrlicht-1.7.3\source\Irrlicht\Irrlicht9.0.vcxproj”在节点 2 上(Build 个目标)。
     1>InitializeBuildStatus:
         正在创建“obj\Static lib - Debug\Irrlicht1.7.unsuccessfulbuild”，因为已指定“AlwaysCreate”。
       ClCompile:
         C:\Program Files (x86)\Microsoft Visual Studio 11.0\VC\bin\CL.exe /c /I..\..\include /Izlib /I"C:\Program Files (x86)\Visual Leak Detector\include" /Zi /nologo /W3 /WX- /Od /Oy- /D WIN32 /D _DEBUG /D _WINDOWS /D _USRDLL /D _IRR_STATIC_LIB_ /D _CRT_SECURE_NO_DEPRECATE /D _VC80_UPGRADE=0x0710 /Gm- /RTC1 /MDd /GS /fp:precise /Zc:wchar_t /Zc:forScope /GR- /Fo".\..\obj\IrrDebugStatic/" /Fd".\..\obj\IrrDebugStatic/vc110.pdb" /Gd /TP /analyze- /errorReport:prompt COpenGLDriver.cpp
         COpenGLDriver.cpp
         所有输出均为最新。
     1>C:\Program Files (x86)\MSBuild\Microsoft.Cpp\v4.0\V110\Microsoft.CppBuild.targets(1299,5): warning MSB8012: TargetPath(G:\Project\XEffectTest\irrlicht-1.7.3\source\Irrlicht\obj\Static lib - Debug\Irrlicht1.7.lib) does not match the Library's OutputFile property value (G:\Project\XEffectTest\irrlicht-1.7.3\lib\Win32-visualstudio\Irrlicht.lib). This may cause your project to build incorrectly. To correct this, please make sure that $(OutDir), $(TargetName) and $(TargetExt) property values match the value specified in %(Lib.OutputFile).
     1>C:\Program Files (x86)\MSBuild\Microsoft.Cpp\v4.0\V110\Microsoft.CppBuild.targets(1301,5): warning MSB8012: TargetName(Irrlicht1.7) does not match the Library's OutputFile property value (Irrlicht). This may cause your project to build incorrectly. To correct this, please make sure that $(OutDir), $(TargetName) and $(TargetExt) property values match the value specified in %(Lib.OutputFile).
       Lib:
         C:\Program Files (x86)\Microsoft Visual Studio 11.0\VC\bin\Lib.exe /OUT:"..\..\lib\Win32-visualstudio\Irrlicht.lib" winmm.lib /LIBPATH:"C:\Program Files (x86)\Visual Leak Detector\lib\Win32" /NOLOGO .\..\obj\IrrDebugStatic/CDefaultSceneNodeAnimatorFactory.obj
         .\..\obj\IrrDebugStatic/CDefaultSceneNodeFactory.obj
         .\..\obj\IrrDebugStatic/CGeometryCreator.obj
         .\..\obj\IrrDebugStatic/CMeshCache.obj
         .\..\obj\IrrDebugStatic/CMeshManipulator.obj
         .\..\obj\IrrDebugStatic/CSceneManager.obj
         .\..\obj\IrrDebugStatic/C3DSMeshFileLoader.obj
         .\..\obj\IrrDebugStatic/CAnimatedMeshMD2.obj
         .\..\obj\IrrDebugStatic/CAnimatedMeshMD3.obj
         .\..\obj\IrrDebugStatic/CB3DMeshFileLoader.obj
         .\..\obj\IrrDebugStatic/CBSPMeshFileLoader.obj
         .\..\obj\IrrDebugStatic/CColladaFileLoader.obj
         .\..\obj\IrrDebugStatic/CCSMLoader.obj
         .\..\obj\IrrDebugStatic/CDMFLoader.obj
         .\..\obj\IrrDebugStatic/CIrrMeshFileLoader.obj
         .\..\obj\IrrDebugStatic/CLMTSMeshFileLoader.obj
         .\..\obj\IrrDebugStatic/CLWOMeshFileLoader.obj
         .\..\obj\IrrDebugStatic/CMD2MeshFileLoader.obj
         .\..\obj\IrrDebugStatic/CMD3MeshFileLoader.obj
         .\..\obj\IrrDebugStatic/CMS3DMeshFileLoader.obj
         .\..\obj\IrrDebugStatic/CMY3DMeshFileLoader.obj
         .\..\obj\IrrDebugStatic/COBJMeshFileLoader.obj
         .\..\obj\IrrDebugStatic/COCTLoader.obj
         .\..\obj\IrrDebugStatic/COgreMeshFileLoader.obj
         .\..\obj\IrrDebugStatic/CPLYMeshFileLoader.obj
         .\..\obj\IrrDebugStatic/CQ3LevelMesh.obj
         .\..\obj\IrrDebugStatic/CSkinnedMesh.obj
         .\..\obj\IrrDebugStatic/CSTLMeshFileLoader.obj
         .\..\obj\IrrDebugStatic/CXMeshFileLoader.obj
         .\..\obj\IrrDebugStatic/CAnimatedMeshSceneNode.obj
         .\..\obj\IrrDebugStatic/CBillboardSceneNode.obj
         .\..\obj\IrrDebugStatic/CBoneSceneNode.obj
         .\..\obj\IrrDebugStatic/CCameraSceneNode.obj
         .\..\obj\IrrDebugStatic/CCubeSceneNode.obj
         .\..\obj\IrrDebugStatic/CDummyTransformationSceneNode.obj
         .\..\obj\IrrDebugStatic/CEmptySceneNode.obj
         .\..\obj\IrrDebugStatic/CLightSceneNode.obj
         .\..\obj\IrrDebugStatic/CMeshSceneNode.obj
         .\..\obj\IrrDebugStatic/COctreeSceneNode.obj
         .\..\obj\IrrDebugStatic/CQuake3ShaderSceneNode.obj
         .\..\obj\IrrDebugStatic/CShadowVolumeSceneNode.obj
         .\..\obj\IrrDebugStatic/CSkyBoxSceneNode.obj
         .\..\obj\IrrDebugStatic/CSkyDomeSceneNode.obj
         .\..\obj\IrrDebugStatic/CSphereSceneNode.obj
         .\..\obj\IrrDebugStatic/CTerrainSceneNode.obj
         .\..\obj\IrrDebugStatic/CTextSceneNode.obj
         .\..\obj\IrrDebugStatic/CVolumeLightSceneNode.obj
         .\..\obj\IrrDebugStatic/CWaterSurfaceSceneNode.obj
         .\..\obj\IrrDebugStatic/CParticleAnimatedMeshSceneNodeEmitter.obj
         .\..\obj\IrrDebugStatic/CParticleAttractionAffector.obj
         .\..\obj\IrrDebugStatic/CParticleBoxEmitter.obj
         .\..\obj\IrrDebugStatic/CParticleCylinderEmitter.obj
         .\..\obj\IrrDebugStatic/CParticleFadeOutAffector.obj
         .\..\obj\IrrDebugStatic/CParticleGravityAffector.obj
         .\..\obj\IrrDebugStatic/CParticleMeshEmitter.obj
         .\..\obj\IrrDebugStatic/CParticlePointEmitter.obj
         .\..\obj\IrrDebugStatic/CParticleRingEmitter.obj
         .\..\obj\IrrDebugStatic/CParticleRotationAffector.obj
         .\..\obj\IrrDebugStatic/CParticleScaleAffector.obj
         .\..\obj\IrrDebugStatic/CParticleSphereEmitter.obj
         .\..\obj\IrrDebugStatic/CParticleSystemSceneNode.obj
         .\..\obj\IrrDebugStatic/CMetaTriangleSelector.obj
         .\..\obj\IrrDebugStatic/COctreeTriangleSelector.obj
         .\..\obj\IrrDebugStatic/CSceneCollisionManager.obj
         .\..\obj\IrrDebugStatic/CTerrainTriangleSelector.obj
         .\..\obj\IrrDebugStatic/CTriangleBBSelector.obj
         .\..\obj\IrrDebugStatic/CTriangleSelector.obj
         .\..\obj\IrrDebugStatic/CSceneNodeAnimatorCameraFPS.obj
         .\..\obj\IrrDebugStatic/CSceneNodeAnimatorCameraMaya.obj
         .\..\obj\IrrDebugStatic/CSceneNodeAnimatorCollisionResponse.obj
         .\..\obj\IrrDebugStatic/CSceneNodeAnimatorDelete.obj
         .\..\obj\IrrDebugStatic/CSceneNodeAnimatorFlyCircle.obj
         .\..\obj\IrrDebugStatic/CSceneNodeAnimatorFlyStraight.obj
         .\..\obj\IrrDebugStatic/CSceneNodeAnimatorFollowSpline.obj
         .\..\obj\IrrDebugStatic/CSceneNodeAnimatorRotation.obj
         .\..\obj\IrrDebugStatic/CSceneNodeAnimatorTexture.obj
         .\..\obj\IrrDebugStatic/CColladaMeshWriter.obj
         .\..\obj\IrrDebugStatic/CIrrMeshWriter.obj
         .\..\obj\IrrDebugStatic/COBJMeshWriter.obj
         .\..\obj\IrrDebugStatic/CPLYMeshWriter.obj
         .\..\obj\IrrDebugStatic/CSTLMeshWriter.obj
         .\..\obj\IrrDebugStatic/CVideoModeList.obj
         .\..\obj\IrrDebugStatic/CSoftwareDriver.obj
         .\..\obj\IrrDebugStatic/CSoftwareTexture.obj
         .\..\obj\IrrDebugStatic/CTRFlat.obj
         .\..\obj\IrrDebugStatic/CTRFlatWire.obj
         .\..\obj\IrrDebugStatic/CTRGouraud.obj
         .\..\obj\IrrDebugStatic/CTRGouraudWire.obj
         .\..\obj\IrrDebugStatic/CTRTextureFlat.obj
         .\..\obj\IrrDebugStatic/CTRTextureFlatWire.obj
         .\..\obj\IrrDebugStatic/CTRTextureGouraud.obj
         .\..\obj\IrrDebugStatic/CTRTextureGouraudAdd.obj
         .\..\obj\IrrDebugStatic/CTRTextureGouraudNoZ.obj
         .\..\obj\IrrDebugStatic/CTRTextureGouraudWire.obj
         .\..\obj\IrrDebugStatic/CZBuffer.obj
         .\..\obj\IrrDebugStatic/COpenGLDriver.obj
         .\..\obj\IrrDebugStatic/COpenGLExtensionHandler.obj
         .\..\obj\IrrDebugStatic/COpenGLNormalMapRenderer.obj
         .\..\obj\IrrDebugStatic/COpenGLParallaxMapRenderer.obj
         .\..\obj\IrrDebugStatic/COpenGLShaderMaterialRenderer.obj
         .\..\obj\IrrDebugStatic/COpenGLSLMaterialRenderer.obj
         .\..\obj\IrrDebugStatic/COpenGLTexture.obj
         .\..\obj\IrrDebugStatic/CD3D8Driver.obj
         .\..\obj\IrrDebugStatic/CD3D8NormalMapRenderer.obj
         .\..\obj\IrrDebugStatic/CD3D8ParallaxMapRenderer.obj
         .\..\obj\IrrDebugStatic/CD3D8ShaderMaterialRenderer.obj
         .\..\obj\IrrDebugStatic/CD3D8Texture.obj
         .\..\obj\IrrDebugStatic/CColorConverter.obj
         .\..\obj\IrrDebugStatic/CFPSCounter.obj
         .\..\obj\IrrDebugStatic/CImage.obj
         .\..\obj\IrrDebugStatic/CNullDriver.obj
         .\..\obj\IrrDebugStatic/CImageWriterBMP.obj
         .\..\obj\IrrDebugStatic/CImageWriterJPG.obj
         .\..\obj\IrrDebugStatic/CImageWriterPCX.obj
         .\..\obj\IrrDebugStatic/CImageWriterPNG.obj
         .\..\obj\IrrDebugStatic/CImageWriterPPM.obj
         .\..\obj\IrrDebugStatic/CImageWriterPSD.obj
         .\..\obj\IrrDebugStatic/CImageWriterTGA.obj
         .\..\obj\IrrDebugStatic/CImageLoaderBMP.obj
         .\..\obj\IrrDebugStatic/CImageLoaderJPG.obj
         .\..\obj\IrrDebugStatic/CImageLoaderPCX.obj
         .\..\obj\IrrDebugStatic/CImageLoaderPNG.obj
         .\..\obj\IrrDebugStatic/CImageLoaderPPM.obj
         .\..\obj\IrrDebugStatic/CImageLoaderPSD.obj
         .\..\obj\IrrDebugStatic/CImageLoaderRGB.obj
         .\..\obj\IrrDebugStatic/CImageLoaderTGA.obj
         .\..\obj\IrrDebugStatic/CImageLoaderWAL.obj
         .\..\obj\IrrDebugStatic/CD3D9Driver.obj
         .\..\obj\IrrDebugStatic/CD3D9HLSLMaterialRenderer.obj
         .\..\obj\IrrDebugStatic/CD3D9NormalMapRenderer.obj
         .\..\obj\IrrDebugStatic/CD3D9ParallaxMapRenderer.obj
         .\..\obj\IrrDebugStatic/CD3D9ShaderMaterialRenderer.obj
         .\..\obj\IrrDebugStatic/CD3D9Texture.obj
         .\..\obj\IrrDebugStatic/CBurningShader_Raster_Reference.obj
         .\..\obj\IrrDebugStatic/CDepthBuffer.obj
         .\..\obj\IrrDebugStatic/CSoftwareDriver2.obj
         .\..\obj\IrrDebugStatic/CSoftwareTexture2.obj
         .\..\obj\IrrDebugStatic/CTRGouraud2.obj
         .\..\obj\IrrDebugStatic/CTRGouraudAlpha2.obj
         .\..\obj\IrrDebugStatic/CTRGouraudAlphaNoZ2.obj
         .\..\obj\IrrDebugStatic/CTRTextureBlend.obj
         .\..\obj\IrrDebugStatic/CTRTextureDetailMap2.obj
         .\..\obj\IrrDebugStatic/CTRTextureGouraud2.obj
         .\..\obj\IrrDebugStatic/CTRTextureGouraudAdd2.obj
         .\..\obj\IrrDebugStatic/CTRTextureGouraudAddNoZ2.obj
         .\..\obj\IrrDebugStatic/CTRTextureGouraudAlpha.obj
         .\..\obj\IrrDebugStatic/CTRTextureGouraudAlphaNoZ.obj
         .\..\obj\IrrDebugStatic/CTRTextureGouraudNoZ2.obj
         .\..\obj\IrrDebugStatic/CTRTextureGouraudVertexAlpha2.obj
         .\..\obj\IrrDebugStatic/CTRTextureLightMap2_Add.obj
         .\..\obj\IrrDebugStatic/CTRTextureLightMap2_M1.obj
         .\..\obj\IrrDebugStatic/CTRTextureLightMap2_M2.obj
         .\..\obj\IrrDebugStatic/CTRTextureLightMap2_M4.obj
         .\..\obj\IrrDebugStatic/CTRTextureLightMapGouraud2_M4.obj
         .\..\obj\IrrDebugStatic/CTRTextureWire2.obj
         .\..\obj\IrrDebugStatic/IBurningShader.obj
         .\..\obj\IrrDebugStatic/CLogger.obj
         .\..\obj\IrrDebugStatic/COSOperator.obj
         .\..\obj\IrrDebugStatic/Irrlicht.obj
         .\..\obj\IrrDebugStatic/os.obj
         .\..\obj\IrrDebugStatic/LzmaDec.obj
         .\..\obj\IrrDebugStatic/adler32.obj
         .\..\obj\IrrDebugStatic/compress.obj
         .\..\obj\IrrDebugStatic/crc32.obj
         .\..\obj\IrrDebugStatic/deflate.obj
         .\..\obj\IrrDebugStatic/inffast.obj
         .\..\obj\IrrDebugStatic/inflate.obj
         .\..\obj\IrrDebugStatic/inftrees.obj
         .\..\obj\IrrDebugStatic/trees.obj
         .\..\obj\IrrDebugStatic/uncompr.obj
         .\..\obj\IrrDebugStatic/zutil.obj
         .\..\obj\IrrDebugStatic/jaricom.obj
         .\..\obj\IrrDebugStatic/jcapimin.obj
         .\..\obj\IrrDebugStatic/jcapistd.obj
         .\..\obj\IrrDebugStatic/jcarith.obj
         .\..\obj\IrrDebugStatic/jccoefct.obj
         .\..\obj\IrrDebugStatic/jccolor.obj
         .\..\obj\IrrDebugStatic/jcdctmgr.obj
         .\..\obj\IrrDebugStatic/jchuff.obj
         .\..\obj\IrrDebugStatic/jcinit.obj
         .\..\obj\IrrDebugStatic/jcmainct.obj
         .\..\obj\IrrDebugStatic/jcmarker.obj
         .\..\obj\IrrDebugStatic/jcmaster.obj
         .\..\obj\IrrDebugStatic/jcomapi.obj
         .\..\obj\IrrDebugStatic/jcparam.obj
         .\..\obj\IrrDebugStatic/jcprepct.obj
         .\..\obj\IrrDebugStatic/jcsample.obj
         .\..\obj\IrrDebugStatic/jctrans.obj
         .\..\obj\IrrDebugStatic/jdapimin.obj
         .\..\obj\IrrDebugStatic/jdapistd.obj
         .\..\obj\IrrDebugStatic/jdarith.obj
         .\..\obj\IrrDebugStatic/jdatadst.obj
         .\..\obj\IrrDebugStatic/jdatasrc.obj
         .\..\obj\IrrDebugStatic/jdcoefct.obj
         .\..\obj\IrrDebugStatic/jdcolor.obj
         .\..\obj\IrrDebugStatic/jddctmgr.obj
         .\..\obj\IrrDebugStatic/jdhuff.obj
         .\..\obj\IrrDebugStatic/jdinput.obj
         .\..\obj\IrrDebugStatic/jdmainct.obj
         .\..\obj\IrrDebugStatic/jdmarker.obj
         .\..\obj\IrrDebugStatic/jdmaster.obj
         .\..\obj\IrrDebugStatic/jdmerge.obj
         .\..\obj\IrrDebugStatic/jdpostct.obj
         .\..\obj\IrrDebugStatic/jdsample.obj
         .\..\obj\IrrDebugStatic/jdtrans.obj
         .\..\obj\IrrDebugStatic/jerror.obj
         .\..\obj\IrrDebugStatic/jfdctflt.obj
         .\..\obj\IrrDebugStatic/jfdctfst.obj
         .\..\obj\IrrDebugStatic/jfdctint.obj
         .\..\obj\IrrDebugStatic/jidctflt.obj
         .\..\obj\IrrDebugStatic/jidctfst.obj
         .\..\obj\IrrDebugStatic/jidctint.obj
         .\..\obj\IrrDebugStatic/jmemmgr.obj
         .\..\obj\IrrDebugStatic/jmemnobs.obj
         .\..\obj\IrrDebugStatic/jquant1.obj
         .\..\obj\IrrDebugStatic/jquant2.obj
         .\..\obj\IrrDebugStatic/jutils.obj
         .\..\obj\IrrDebugStatic/png.obj
         .\..\obj\IrrDebugStatic/pngerror.obj
         .\..\obj\IrrDebugStatic/pngget.obj
         .\..\obj\IrrDebugStatic/pngmem.obj
         .\..\obj\IrrDebugStatic/pngpread.obj
         .\..\obj\IrrDebugStatic/pngread.obj
         .\..\obj\IrrDebugStatic/pngrio.obj
         .\..\obj\IrrDebugStatic/pngrtran.obj
         .\..\obj\IrrDebugStatic/pngrutil.obj
         .\..\obj\IrrDebugStatic/pngset.obj
         .\..\obj\IrrDebugStatic/pngtrans.obj
         .\..\obj\IrrDebugStatic/pngwio.obj
         .\..\obj\IrrDebugStatic/pngwrite.obj
         .\..\obj\IrrDebugStatic/pngwtran.obj
         .\..\obj\IrrDebugStatic/pngwutil.obj
         .\..\obj\IrrDebugStatic/aescrypt.obj
         .\..\obj\IrrDebugStatic/aeskey.obj
         .\..\obj\IrrDebugStatic/aestab.obj
         .\..\obj\IrrDebugStatic/fileenc.obj
         .\..\obj\IrrDebugStatic/hmac.obj
         .\..\obj\IrrDebugStatic/prng.obj
         .\..\obj\IrrDebugStatic/pwd2key.obj
         .\..\obj\IrrDebugStatic/sha1.obj
         .\..\obj\IrrDebugStatic/sha2.obj
         .\..\obj\IrrDebugStatic/blocksort.obj
         .\..\obj\IrrDebugStatic/bzcompress.obj
         .\..\obj\IrrDebugStatic/bzlib.obj
         .\..\obj\IrrDebugStatic/crctable.obj
         .\..\obj\IrrDebugStatic/decompress.obj
         .\..\obj\IrrDebugStatic/huffman.obj
         .\..\obj\IrrDebugStatic/randtable.obj
         .\..\obj\IrrDebugStatic/CIrrDeviceConsole.obj
         .\..\obj\IrrDebugStatic/CIrrDeviceFB.obj
         .\..\obj\IrrDebugStatic/CIrrDeviceLinux.obj
         .\..\obj\IrrDebugStatic/CIrrDeviceSDL.obj
         .\..\obj\IrrDebugStatic/CIrrDeviceStub.obj
         .\..\obj\IrrDebugStatic/CIrrDeviceWin32.obj
         .\..\obj\IrrDebugStatic/CIrrDeviceWinCE.obj
         .\..\obj\IrrDebugStatic/CAttributes.obj
         .\..\obj\IrrDebugStatic/CFileList.obj
         .\..\obj\IrrDebugStatic/CFileSystem.obj
         .\..\obj\IrrDebugStatic/CLimitReadFile.obj
         .\..\obj\IrrDebugStatic/CMemoryFile.obj
         .\..\obj\IrrDebugStatic/CMountPointReader.obj
         .\..\obj\IrrDebugStatic/CNPKReader.obj
         .\..\obj\IrrDebugStatic/CPakReader.obj
         .\..\obj\IrrDebugStatic/CReadFile.obj
         .\..\obj\IrrDebugStatic/CTarReader.obj
         .\..\obj\IrrDebugStatic/CWriteFile.obj
         .\..\obj\IrrDebugStatic/CXMLReader.obj
         .\..\obj\IrrDebugStatic/CXMLWriter.obj
         .\..\obj\IrrDebugStatic/CZipReader.obj
         .\..\obj\IrrDebugStatic/irrXML.obj
         .\..\obj\IrrDebugStatic/CDefaultGUIElementFactory.obj
         .\..\obj\IrrDebugStatic/CGUIButton.obj
         .\..\obj\IrrDebugStatic/CGUICheckbox.obj
         .\..\obj\IrrDebugStatic/CGUIColorSelectDialog.obj
         .\..\obj\IrrDebugStatic/CGUIComboBox.obj
         .\..\obj\IrrDebugStatic/CGUIContextMenu.obj
         .\..\obj\IrrDebugStatic/CGUIEditBox.obj
         .\..\obj\IrrDebugStatic/CGUIEnvironment.obj
         .\..\obj\IrrDebugStatic/CGUIFileOpenDialog.obj
         .\..\obj\IrrDebugStatic/CGUIFont.obj
         .\..\obj\IrrDebugStatic/CGUIImage.obj
         .\..\obj\IrrDebugStatic/CGUIImageList.obj
         .\..\obj\IrrDebugStatic/CGUIInOutFader.obj
         .\..\obj\IrrDebugStatic/CGUIListBox.obj
         .\..\obj\IrrDebugStatic/CGUIMenu.obj
         .\..\obj\IrrDebugStatic/CGUIMeshViewer.obj
         .\..\obj\IrrDebugStatic/CGUIMessageBox.obj
         .\..\obj\IrrDebugStatic/CGUIModalScreen.obj
         .\..\obj\IrrDebugStatic/CGUIScrollBar.obj
         .\..\obj\IrrDebugStatic/CGUISkin.obj
         .\..\obj\IrrDebugStatic/CGUISpinBox.obj
         .\..\obj\IrrDebugStatic/CGUISpriteBank.obj
         .\..\obj\IrrDebugStatic/CGUIStaticText.obj
         .\..\obj\IrrDebugStatic/CGUITabControl.obj
         .\..\obj\IrrDebugStatic/CGUITable.obj
         .\..\obj\IrrDebugStatic/CGUIToolBar.obj
         .\..\obj\IrrDebugStatic/CGUITreeView.obj
         .\..\obj\IrrDebugStatic/CGUIWindow.obj
         Irrlicht9.0.vcxproj -> G:\Project\XEffectTest\irrlicht-1.7.3\source\Irrlicht\obj\Static lib - Debug\Irrlicht1.7.lib
       FinalizeBuildStatus:
         正在删除文件“obj\Static lib - Debug\Irrlicht1.7.unsuccessfulbuild”。
         正在对“obj\Static lib - Debug\Irrlicht1.7.lastbuildstate”执行 Touch 任务。
     1>已完成生成项目“G:\Project\XEffectTest\irrlicht-1.7.3\source\Irrlicht\Irrlicht9.0.vcxproj”(Build 个目标)的操作。

生成成功。

已用时间 00:00:01.55
